09:47:52 20-03-2025 [INFO]: Database connected successfully
09:48:47 20-03-2025 [INFO]: Database connected successfully
09:50:23 20-03-2025 [INFO]: Database connected successfully
09:50:36 20-03-2025 [INFO]: Database connected successfully
09:50:40 20-03-2025 [INFO]: Database connected successfully
09:51:19 20-03-2025 [INFO]: Database connected successfully
09:51:37 20-03-2025 [INFO]: Database connected successfully
09:51:42 20-03-2025 [INFO]: Database connected successfully
09:51:45 20-03-2025 [INFO]: Database connected successfully
09:51:47 20-03-2025 [INFO]: Database connected successfully
09:51:51 20-03-2025 [INFO]: Database connected successfully
09:51:54 20-03-2025 [INFO]: Database connected successfully
09:52:13 20-03-2025 [INFO]: Database connected successfully
09:52:25 20-03-2025 [INFO]: Database connected successfully
09:52:31 20-03-2025 [INFO]: Database connected successfully
09:52:33 20-03-2025 [INFO]: Database connected successfully
09:52:35 20-03-2025 [INFO]: Database connected successfully
09:52:40 20-03-2025 [INFO]: Database connected successfully
09:52:47 20-03-2025 [INFO]: Database connected successfully
09:52:49 20-03-2025 [INFO]: Database connected successfully
09:52:53 20-03-2025 [INFO]: Database connected successfully
09:53:46 20-03-2025 [INFO]: Database connected successfully
09:53:51 20-03-2025 [INFO]: Database connected successfully
09:54:28 20-03-2025 [INFO]: Database connected successfully
09:54:38 20-03-2025 [INFO]: Database connected successfully
09:54:40 20-03-2025 [INFO]: Database connected successfully
09:54:41 20-03-2025 [INFO]: Database connected successfully
09:55:27 20-03-2025 [INFO]: Database connected successfully
09:55:43 20-03-2025 [INFO]: Database connected successfully
09:55:44 20-03-2025 [INFO]: Database connected successfully
10:06:45 20-03-2025 [INFO]: Database connected successfully
10:06:52 20-03-2025 [INFO]: Database connected successfully
10:07:21 20-03-2025 [INFO]: Database connected successfully
10:07:35 20-03-2025 [INFO]: Database connected successfully
10:07:38 20-03-2025 [INFO]: Database connected successfully
10:07:40 20-03-2025 [INFO]: Database connected successfully
10:07:44 20-03-2025 [INFO]: Database connected successfully
10:07:54 20-03-2025 [INFO]: Database connected successfully
10:07:56 20-03-2025 [INFO]: Database connected successfully
11:38:22 20-03-2025 [INFO]: Database connected successfully
14:13:54 20-03-2025 [INFO]: Database connected successfully
14:14:01 20-03-2025 [INFO]: Database connected successfully
14:14:18 20-03-2025 [INFO]: Database connected successfully
14:14:23 20-03-2025 [INFO]: Database connected successfully
14:14:28 20-03-2025 [INFO]: Database connected successfully
14:14:37 20-03-2025 [INFO]: Database connected successfully
14:15:01 20-03-2025 [INFO]: Database connected successfully
14:15:04 20-03-2025 [INFO]: Database connected successfully
14:15:16 20-03-2025 [INFO]: Database connected successfully
14:15:21 20-03-2025 [INFO]: Database connected successfully
14:15:33 20-03-2025 [INFO]: Database connected successfully
14:16:04 20-03-2025 [INFO]: Database connected successfully
14:16:14 20-03-2025 [INFO]: Database connected successfully
14:16:24 20-03-2025 [INFO]: Database connected successfully
14:16:27 20-03-2025 [INFO]: Database connected successfully
14:16:34 20-03-2025 [INFO]: Database connected successfully
14:16:36 20-03-2025 [INFO]: Database connected successfully
14:20:35 20-03-2025 [INFO]: Database connected successfully
14:20:37 20-03-2025 [INFO]: Database connected successfully
14:24:41 20-03-2025 [INFO]: Database connected successfully
14:25:00 20-03-2025 [INFO]: Database connected successfully
14:25:05 20-03-2025 [INFO]: Database connected successfully
14:25:16 20-03-2025 [INFO]: Database connected successfully
14:25:37 20-03-2025 [INFO]: Database connected successfully
14:25:56 20-03-2025 [INFO]: Database connected successfully
14:26:04 20-03-2025 [INFO]: Database connected successfully
14:27:25 20-03-2025 [INFO]: Database connected successfully
14:27:39 20-03-2025 [INFO]: Database connected successfully
14:28:18 20-03-2025 [INFO]: Database connected successfully
14:46:26 20-03-2025 [INFO]: Database connected successfully
14:48:41 20-03-2025 [INFO]: Database connected successfully
14:48:50 20-03-2025 [INFO]: Database connected successfully
14:48:52 20-03-2025 [INFO]: Database connected successfully
14:48:54 20-03-2025 [INFO]: Database connected successfully
14:48:57 20-03-2025 [INFO]: Database connected successfully
14:49:07 20-03-2025 [INFO]: Database connected successfully
14:50:17 20-03-2025 [INFO]: Database connected successfully
14:50:22 20-03-2025 [INFO]: Database connected successfully
14:50:28 20-03-2025 [INFO]: Database connected successfully
14:50:47 20-03-2025 [INFO]: Database connected successfully
14:50:58 20-03-2025 [INFO]: Database connected successfully
14:50:59 20-03-2025 [INFO]: Database connected successfully
14:51:19 20-03-2025 [INFO]: Database connected successfully
14:51:40 20-03-2025 [INFO]: Database connected successfully
14:52:23 20-03-2025 [INFO]: Database connected successfully
14:52:25 20-03-2025 [INFO]: Database connected successfully
14:52:33 20-03-2025 [INFO]: Database connected successfully
14:52:38 20-03-2025 [INFO]: Database connected successfully
14:52:41 20-03-2025 [INFO]: Database connected successfully
14:53:00 20-03-2025 [INFO]: Database connected successfully
14:53:11 20-03-2025 [INFO]: Database connected successfully
14:54:32 20-03-2025 [INFO]: Database connected successfully
14:54:45 20-03-2025 [INFO]: Database connected successfully
14:55:32 20-03-2025 [INFO]: Database connected successfully
14:56:13 20-03-2025 [INFO]: Database connected successfully
14:56:15 20-03-2025 [ERROR]: Email already registered!
14:56:31 20-03-2025 [ERROR]: keyToken validation failed: user: Path `user` is required.
14:58:40 20-03-2025 [INFO]: Database connected successfully
14:58:43 20-03-2025 [INFO]: Database connected successfully
14:58:45 20-03-2025 [INFO]: Database connected successfully
14:58:51 20-03-2025 [INFO]: Database connected successfully
14:58:53 20-03-2025 [INFO]: Database connected successfully
14:58:58 20-03-2025 [ERROR]: keyToken validation failed: user: Path `user` is required.
14:59:27 20-03-2025 [INFO]: Database connected successfully
14:59:29 20-03-2025 [INFO]: Database connected successfully
14:59:35 20-03-2025 [INFO]: Database connected successfully
14:59:42 20-03-2025 [INFO]: Database connected successfully
14:59:49 20-03-2025 [ERROR]: keyToken validation failed: user: Path `user` is required.
15:00:13 20-03-2025 [INFO]: Database connected successfully
15:00:23 20-03-2025 [INFO]: Database connected successfully
15:00:28 20-03-2025 [ERROR]: keyToken validation failed: user: Path `user` is required.
15:01:26 20-03-2025 [INFO]: Database connected successfully
15:01:33 20-03-2025 [INFO]: Database connected successfully
15:01:34 20-03-2025 [INFO]: Database connected successfully
15:01:42 20-03-2025 [INFO]: Database connected successfully
15:01:57 20-03-2025 [INFO]: Database connected successfully
15:02:02 20-03-2025 [INFO]: Database connected successfully
15:02:06 20-03-2025 [ERROR]: KeyToken validation failed: user: Path `user` is required.
15:03:38 20-03-2025 [INFO]: Database connected successfully
15:03:40 20-03-2025 [INFO]: Database connected successfully
15:03:43 20-03-2025 [INFO]: Database connected successfully
15:03:47 20-03-2025 [ERROR]: KeyToken validation failed: user: Path `user` is required.
15:03:53 20-03-2025 [INFO]: Database connected successfully
15:04:11 20-03-2025 [INFO]: Database connected successfully
15:04:15 20-03-2025 [INFO]: Database connected successfully
15:04:19 20-03-2025 [INFO]: Database connected successfully
15:04:40 20-03-2025 [INFO]: Database connected successfully
15:04:46 20-03-2025 [INFO]: Database connected successfully
15:04:50 20-03-2025 [ERROR]: Error creating key token
15:07:42 20-03-2025 [INFO]: Database connected successfully
15:07:54 20-03-2025 [INFO]: Database connected successfully
15:08:08 20-03-2025 [INFO]: Database connected successfully
15:08:12 20-03-2025 [INFO]: Database connected successfully
15:08:16 20-03-2025 [INFO]: Database connected successfully
15:08:36 20-03-2025 [INFO]: Database connected successfully
15:08:41 20-03-2025 [INFO]: Database connected successfully
15:08:50 20-03-2025 [ERROR]: secretOrPrivateKey must be an asymmetric key when using RS256
15:09:11 20-03-2025 [INFO]: Database connected successfully
15:10:51 20-03-2025 [INFO]: Database connected successfully
15:10:58 20-03-2025 [INFO]: Database connected successfully
15:11:01 20-03-2025 [INFO]: Database connected successfully
15:11:13 20-03-2025 [INFO]: Database connected successfully
15:11:19 20-03-2025 [INFO]: Database connected successfully
15:11:24 20-03-2025 [ERROR]: secretOrPrivateKey must be an asymmetric key when using RS256
15:16:13 20-03-2025 [INFO]: Database connected successfully
15:16:16 20-03-2025 [ERROR]: Expected "payload" to be a plain object.
15:17:02 20-03-2025 [INFO]: Database connected successfully
15:17:13 20-03-2025 [INFO]: Database connected successfully
15:17:18 20-03-2025 [INFO]: Database connected successfully
15:17:19 20-03-2025 [INFO]: Database connected successfully
15:17:21 20-03-2025 [INFO]: Database connected successfully
15:17:23 20-03-2025 [INFO]: Database connected successfully
15:17:53 20-03-2025 [INFO]: Database connected successfully
15:17:58 20-03-2025 [INFO]: Database connected successfully
15:18:02 20-03-2025 [INFO]: Database connected successfully
15:19:11 20-03-2025 [INFO]: Database connected successfully
15:19:16 20-03-2025 [INFO]: Database connected successfully
15:19:23 20-03-2025 [INFO]: Database connected successfully
15:39:41 20-03-2025 [INFO]: Database connected successfully
15:39:51 20-03-2025 [INFO]: Database connected successfully
15:39:53 20-03-2025 [INFO]: Database connected successfully
15:39:56 20-03-2025 [INFO]: Database connected successfully
15:39:58 20-03-2025 [INFO]: Database connected successfully
15:40:03 20-03-2025 [INFO]: Database connected successfully
15:40:10 20-03-2025 [INFO]: Database connected successfully
15:40:16 20-03-2025 [INFO]: Database connected successfully
15:40:18 20-03-2025 [INFO]: Database connected successfully
15:40:25 20-03-2025 [INFO]: Database connected successfully
15:40:31 20-03-2025 [INFO]: Database connected successfully
15:40:37 20-03-2025 [INFO]: Database connected successfully
15:40:44 20-03-2025 [INFO]: Database connected successfully
15:40:53 20-03-2025 [INFO]: Database connected successfully
15:40:56 20-03-2025 [INFO]: Database connected successfully
15:40:59 20-03-2025 [INFO]: Database connected successfully
15:41:00 20-03-2025 [INFO]: Database connected successfully
15:41:04 20-03-2025 [INFO]: Database connected successfully
15:41:07 20-03-2025 [INFO]: Database connected successfully
15:41:13 20-03-2025 [INFO]: Database connected successfully
15:41:18 20-03-2025 [INFO]: Database connected successfully
15:41:24 20-03-2025 [INFO]: Database connected successfully
15:41:59 20-03-2025 [INFO]: Database connected successfully
15:42:03 20-03-2025 [INFO]: Database connected successfully
15:45:27 20-03-2025 [INFO]: Database connected successfully
15:45:35 20-03-2025 [INFO]: Database connected successfully
15:45:37 20-03-2025 [INFO]: Database connected successfully
15:45:40 20-03-2025 [INFO]: Database connected successfully
15:45:44 20-03-2025 [INFO]: Database connected successfully
15:46:54 20-03-2025 [INFO]: Database connected successfully
15:47:02 20-03-2025 [INFO]: Database connected successfully
15:47:04 20-03-2025 [INFO]: Database connected successfully
15:47:36 20-03-2025 [INFO]: Database connected successfully
15:47:43 20-03-2025 [INFO]: Database connected successfully
15:47:47 20-03-2025 [INFO]: Database connected successfully
15:47:53 20-03-2025 [INFO]: Database connected successfully
15:52:13 20-03-2025 [INFO]: Database connected successfully
15:52:15 20-03-2025 [INFO]: Database connected successfully
15:52:23 20-03-2025 [INFO]: Database connected successfully
15:52:25 20-03-2025 [INFO]: Database connected successfully
15:52:30 20-03-2025 [INFO]: Database connected successfully
15:52:35 20-03-2025 [INFO]: Database connected successfully
15:52:39 20-03-2025 [INFO]: Database connected successfully
15:52:44 20-03-2025 [INFO]: Database connected successfully
15:52:45 20-03-2025 [INFO]: Database connected successfully
15:52:50 20-03-2025 [INFO]: Database connected successfully
15:53:10 20-03-2025 [INFO]: Database connected successfully
15:57:14 20-03-2025 [INFO]: Database connected successfully
15:57:20 20-03-2025 [INFO]: Database connected successfully
15:58:22 20-03-2025 [INFO]: Database connected successfully
15:58:45 20-03-2025 [INFO]: Database connected successfully
15:58:48 20-03-2025 [INFO]: Database connected successfully
15:58:52 20-03-2025 [INFO]: Database connected successfully
15:59:24 20-03-2025 [ERROR]: Email already registered!
15:59:55 20-03-2025 [INFO]: Database connected successfully
15:59:57 20-03-2025 [INFO]: Database connected successfully
16:00:06 20-03-2025 [INFO]: Database connected successfully
16:00:11 20-03-2025 [INFO]: Database connected successfully
16:00:12 20-03-2025 [INFO]: Database connected successfully
16:01:10 20-03-2025 [INFO]: Database connected successfully
16:01:14 20-03-2025 [INFO]: Database connected successfully
16:01:27 20-03-2025 [INFO]: Database connected successfully
16:14:15 20-03-2025 [INFO]: Database connected successfully
16:14:42 20-03-2025 [INFO]: Database connected successfully
16:14:45 20-03-2025 [INFO]: Database connected successfully
16:14:50 20-03-2025 [INFO]: Database connected successfully
16:15:04 20-03-2025 [INFO]: Database connected successfully
