14:18:55 21-03-2025 [INFO]: Database connected successfully
14:32:40 21-03-2025 [INFO]: Database connected successfully
14:32:51 21-03-2025 [INFO]: Database connected successfully
14:33:05 21-03-2025 [INFO]: Database connected successfully
14:33:09 21-03-2025 [INFO]: Database connected successfully
14:33:14 21-03-2025 [INFO]: Database connected successfully
14:33:53 21-03-2025 [INFO]: Database connected successfully
14:34:47 21-03-2025 [INFO]: Database connected successfully
14:34:55 21-03-2025 [INFO]: Database connected successfully
14:35:15 21-03-2025 [INFO]: Database connected successfully
14:35:23 21-03-2025 [INFO]: Database connected successfully
14:35:26 21-03-2025 [INFO]: Database connected successfully
14:35:33 21-03-2025 [INFO]: Database connected successfully
14:35:53 21-03-2025 [INFO]: Database connected successfully
14:35:59 21-03-2025 [INFO]: Database connected successfully
14:36:02 21-03-2025 [INFO]: Database connected successfully
14:36:23 21-03-2025 [INFO]: Database connected successfully
14:36:27 21-03-2025 [INFO]: Database connected successfully
14:36:33 21-03-2025 [INFO]: Database connected successfully
14:36:38 21-03-2025 [INFO]: Database connected successfully
14:36:44 21-03-2025 [INFO]: Database connected successfully
14:36:51 21-03-2025 [INFO]: Database connected successfully
14:37:06 21-03-2025 [INFO]: Database connected successfully
14:37:08 21-03-2025 [INFO]: Database connected successfully
14:37:12 21-03-2025 [INFO]: Database connected successfully
14:37:19 21-03-2025 [INFO]: Database connected successfully
14:37:33 21-03-2025 [INFO]: Database connected successfully
14:37:40 21-03-2025 [INFO]: Database connected successfully
14:37:51 21-03-2025 [INFO]: Database connected successfully
14:38:04 21-03-2025 [INFO]: Database connected successfully
14:38:57 21-03-2025 [INFO]: Database connected successfully
14:41:13 21-03-2025 [INFO]: Database connected successfully
14:41:16 21-03-2025 [INFO]: Database connected successfully
14:41:19 21-03-2025 [INFO]: Database connected successfully
14:41:23 21-03-2025 [INFO]: Database connected successfully
14:41:33 21-03-2025 [INFO]: Database connected successfully
14:41:43 21-03-2025 [INFO]: Database connected successfully
14:41:48 21-03-2025 [INFO]: Database connected successfully
14:41:52 21-03-2025 [INFO]: Database connected successfully
14:41:54 21-03-2025 [INFO]: Database connected successfully
14:42:24 21-03-2025 [INFO]: Database connected successfully
14:42:56 21-03-2025 [INFO]: Database connected successfully
14:43:00 21-03-2025 [INFO]: Database connected successfully
14:43:58 21-03-2025 [INFO]: Database connected successfully
14:44:17 21-03-2025 [INFO]: Database connected successfully
14:44:51 21-03-2025 [INFO]: Database connected successfully
14:44:56 21-03-2025 [INFO]: Database connected successfully
14:44:58 21-03-2025 [INFO]: Database connected successfully
14:45:00 21-03-2025 [INFO]: Database connected successfully
14:45:05 21-03-2025 [INFO]: Database connected successfully
14:45:07 21-03-2025 [INFO]: Database connected successfully
14:45:09 21-03-2025 [INFO]: Database connected successfully
14:45:13 21-03-2025 [INFO]: Database connected successfully
14:45:17 21-03-2025 [INFO]: Database connected successfully
14:45:20 21-03-2025 [INFO]: Database connected successfully
14:45:23 21-03-2025 [INFO]: Database connected successfully
14:45:31 21-03-2025 [INFO]: Database connected successfully
14:45:33 21-03-2025 [INFO]: Database connected successfully
14:45:41 21-03-2025 [INFO]: Database connected successfully
14:45:44 21-03-2025 [INFO]: Database connected successfully
14:46:00 21-03-2025 [INFO]: Database connected successfully
14:49:05 21-03-2025 [INFO]: Database connected successfully
14:49:45 21-03-2025 [INFO]: Database connected successfully
14:49:58 21-03-2025 [INFO]: Database connected successfully
14:50:08 21-03-2025 [INFO]: Database connected successfully
14:50:12 21-03-2025 [INFO]: Database connected successfully
14:50:27 21-03-2025 [INFO]: Database connected successfully
14:50:29 21-03-2025 [INFO]: Database connected successfully
14:50:32 21-03-2025 [INFO]: Database connected successfully
14:50:34 21-03-2025 [INFO]: Database connected successfully
14:50:39 21-03-2025 [INFO]: Database connected successfully
14:50:43 21-03-2025 [INFO]: Database connected successfully
14:51:58 21-03-2025 [INFO]: Database connected successfully
14:52:08 21-03-2025 [INFO]: Database connected successfully
14:52:13 21-03-2025 [INFO]: Database connected successfully
14:52:35 21-03-2025 [INFO]: Database connected successfully
14:52:38 21-03-2025 [INFO]: Database connected successfully
14:52:54 21-03-2025 [INFO]: Database connected successfully
14:53:20 21-03-2025 [INFO]: Database connected successfully
14:53:27 21-03-2025 [INFO]: Database connected successfully
14:53:31 21-03-2025 [INFO]: Database connected successfully
14:53:33 21-03-2025 [INFO]: Database connected successfully
14:53:49 21-03-2025 [INFO]: Database connected successfully
14:53:55 21-03-2025 [INFO]: Database connected successfully
14:53:59 21-03-2025 [INFO]: Database connected successfully
14:54:10 21-03-2025 [INFO]: Database connected successfully
14:54:14 21-03-2025 [INFO]: Database connected successfully
14:54:17 21-03-2025 [INFO]: Database connected successfully
14:54:20 21-03-2025 [INFO]: Database connected successfully
14:54:22 21-03-2025 [INFO]: Database connected successfully
14:54:31 21-03-2025 [INFO]: Database connected successfully
15:15:10 21-03-2025 [INFO]: Database connected successfully
15:15:18 21-03-2025 [INFO]: Database connected successfully
15:15:27 21-03-2025 [INFO]: Database connected successfully
15:15:32 21-03-2025 [INFO]: Database connected successfully
15:15:35 21-03-2025 [INFO]: Database connected successfully
15:16:52 21-03-2025 [ERROR]: Email not registered!
15:17:42 21-03-2025 [INFO]: Database connected successfully
15:17:44 21-03-2025 [INFO]: Database connected successfully
15:17:51 21-03-2025 [INFO]: Database connected successfully
15:17:55 21-03-2025 [INFO]: Database connected successfully
15:17:59 21-03-2025 [INFO]: Database connected successfully
15:18:01 21-03-2025 [INFO]: Database connected successfully
15:18:21 21-03-2025 [INFO]: Database connected successfully
15:18:26 21-03-2025 [INFO]: Database connected successfully
15:18:27 21-03-2025 [ERROR]: Email or password incorrect!
15:26:31 21-03-2025 [INFO]: Database connected successfully
15:27:41 21-03-2025 [INFO]: Database connected successfully
15:28:45 21-03-2025 [INFO]: Database connected successfully
15:28:52 21-03-2025 [INFO]: Database connected successfully
15:28:54 21-03-2025 [INFO]: Database connected successfully
15:28:57 21-03-2025 [INFO]: Database connected successfully
15:28:59 21-03-2025 [INFO]: Database connected successfully
15:29:09 21-03-2025 [INFO]: Database connected successfully
15:29:11 21-03-2025 [INFO]: Database connected successfully
15:29:29 21-03-2025 [INFO]: Database connected successfully
15:30:14 21-03-2025 [INFO]: Database connected successfully
15:30:26 21-03-2025 [INFO]: Database connected successfully
15:30:28 21-03-2025 [INFO]: Database connected successfully
15:31:11 21-03-2025 [INFO]: Database connected successfully
15:31:20 21-03-2025 [INFO]: Database connected successfully
15:31:29 21-03-2025 [INFO]: Database connected successfully
15:31:48 21-03-2025 [INFO]: Database connected successfully
15:31:53 21-03-2025 [INFO]: Database connected successfully
15:32:15 21-03-2025 [INFO]: Database connected successfully
15:32:20 21-03-2025 [INFO]: Database connected successfully
15:32:23 21-03-2025 [INFO]: Database connected successfully
15:32:52 21-03-2025 [INFO]: Database connected successfully
15:33:02 21-03-2025 [INFO]: Database connected successfully
15:33:05 21-03-2025 [INFO]: Database connected successfully
15:33:08 21-03-2025 [INFO]: Database connected successfully
15:33:10 21-03-2025 [INFO]: Database connected successfully
15:33:17 21-03-2025 [INFO]: Database connected successfully
15:33:44 21-03-2025 [INFO]: Database connected successfully
15:33:46 21-03-2025 [INFO]: Database connected successfully
15:33:49 21-03-2025 [INFO]: Database connected successfully
15:33:57 21-03-2025 [INFO]: Database connected successfully
15:34:02 21-03-2025 [INFO]: Database connected successfully
15:34:08 21-03-2025 [INFO]: Database connected successfully
15:34:17 21-03-2025 [INFO]: Database connected successfully
15:34:46 21-03-2025 [INFO]: Database connected successfully
15:34:53 21-03-2025 [INFO]: Database connected successfully
15:35:21 21-03-2025 [INFO]: Database connected successfully
15:35:27 21-03-2025 [INFO]: Database connected successfully
15:35:52 21-03-2025 [INFO]: Database connected successfully
15:36:50 21-03-2025 [INFO]: Database connected successfully
15:36:52 21-03-2025 [INFO]: Database connected successfully
15:36:54 21-03-2025 [INFO]: Database connected successfully
15:37:47 21-03-2025 [INFO]: Database connected successfully
15:37:50 21-03-2025 [INFO]: Database connected successfully
15:37:54 21-03-2025 [INFO]: Database connected successfully
15:38:17 21-03-2025 [INFO]: Database connected successfully
15:38:42 21-03-2025 [INFO]: Database connected successfully
15:38:43 21-03-2025 [INFO]: Database connected successfully
15:38:46 21-03-2025 [INFO]: Database connected successfully
15:38:49 21-03-2025 [INFO]: Database connected successfully
15:39:42 21-03-2025 [INFO]: Database connected successfully
15:40:23 21-03-2025 [INFO]: Database connected successfully
15:40:40 21-03-2025 [ERROR]: Email or password incorrect!
15:40:44 21-03-2025 [ERROR]: Email or password incorrect!
15:40:57 21-03-2025 [ERROR]: Email or password incorrect!
15:43:25 21-03-2025 [ERROR]: Email already registered!
15:47:40 21-03-2025 [ERROR]: Email or password incorrect!
15:49:48 21-03-2025 [INFO]: Database connected successfully
15:49:51 21-03-2025 [INFO]: Database connected successfully
15:49:53 21-03-2025 [INFO]: Database connected successfully
15:50:04 21-03-2025 [INFO]: Database connected successfully
15:50:15 21-03-2025 [INFO]: Database connected successfully
15:50:20 21-03-2025 [INFO]: Database connected successfully
15:50:22 21-03-2025 [INFO]: Database connected successfully
15:50:26 21-03-2025 [INFO]: Database connected successfully
16:21:46 21-03-2025 [INFO]: Database connected successfully
16:23:35 21-03-2025 [ERROR]: Not Found Key Store
16:25:33 21-03-2025 [INFO]: Database connected successfully
16:25:56 21-03-2025 [ERROR]: Not Found Key Store
16:26:24 21-03-2025 [INFO]: Database connected successfully
16:26:31 21-03-2025 [INFO]: Database connected successfully
16:26:45 21-03-2025 [INFO]: Database connected successfully
16:27:03 21-03-2025 [INFO]: Database connected successfully
16:27:08 21-03-2025 [INFO]: Database connected successfully
16:27:20 21-03-2025 [INFO]: Database connected successfully
16:27:34 21-03-2025 [INFO]: Database connected successfully
16:27:36 21-03-2025 [INFO]: Database connected successfully
16:27:39 21-03-2025 [ERROR]: Not Found Key Store
16:28:30 21-03-2025 [INFO]: Database connected successfully
16:28:39 21-03-2025 [INFO]: Database connected successfully
16:28:41 21-03-2025 [INFO]: Database connected successfully
16:28:43 21-03-2025 [ERROR]: Invalid UserID
16:29:28 21-03-2025 [INFO]: Database connected successfully
16:29:32 21-03-2025 [ERROR]: Invalid UserID
16:29:43 21-03-2025 [INFO]: Database connected successfully
16:29:49 21-03-2025 [INFO]: Database connected successfully
16:30:59 21-03-2025 [INFO]: Database connected successfully
16:31:01 21-03-2025 [INFO]: Database connected successfully
16:31:07 21-03-2025 [INFO]: Database connected successfully
16:31:31 21-03-2025 [INFO]: Database connected successfully
16:31:35 21-03-2025 [INFO]: Database connected successfully
16:31:41 21-03-2025 [INFO]: Database connected successfully
16:31:43 21-03-2025 [INFO]: Database connected successfully
16:31:47 21-03-2025 [INFO]: Database connected successfully
16:31:50 21-03-2025 [INFO]: Database connected successfully
16:31:59 21-03-2025 [INFO]: Database connected successfully
16:33:07 21-03-2025 [INFO]: Database connected successfully
16:33:13 21-03-2025 [INFO]: Database connected successfully
16:33:16 21-03-2025 [INFO]: Database connected successfully
