09:56:41 23-03-2025 [INFO]: Database connected successfully
09:57:19 23-03-2025 [ERROR]: Unauthorized
09:57:57 23-03-2025 [INFO]: Database connected successfully
09:58:01 23-03-2025 [INFO]: Database connected successfully
09:58:04 23-03-2025 [INFO]: Database connected successfully
09:58:12 23-03-2025 [INFO]: Database connected successfully
09:58:18 23-03-2025 [INFO]: Database connected successfully
09:58:58 23-03-2025 [INFO]: Database connected successfully
09:59:07 23-03-2025 [INFO]: Database connected successfully
09:59:09 23-03-2025 [INFO]: Database connected successfully
09:59:15 23-03-2025 [INFO]: Database connected successfully
09:59:21 23-03-2025 [INFO]: Database connected successfully
09:59:25 23-03-2025 [INFO]: Database connected successfully
09:59:59 23-03-2025 [INFO]: Database connected successfully
10:00:15 23-03-2025 [INFO]: Database connected successfully
10:00:29 23-03-2025 [INFO]: Database connected successfully
10:00:31 23-03-2025 [INFO]: Database connected successfully
10:00:41 23-03-2025 [ERROR]: Unauthorized
10:02:09 23-03-2025 [INFO]: Database connected successfully
10:02:20 23-03-2025 [INFO]: Database connected successfully
10:02:21 23-03-2025 [INFO]: Database connected successfully
10:02:25 23-03-2025 [ERROR]: Unauthorized
10:02:31 23-03-2025 [INFO]: Database connected successfully
10:02:47 23-03-2025 [ERROR]: invalid signature
10:03:15 23-03-2025 [INFO]: Database connected successfully
10:03:17 23-03-2025 [ERROR]: invalid signature
10:06:13 23-03-2025 [INFO]: Database connected successfully
10:06:16 23-03-2025 [INFO]: Database connected successfully
10:06:19 23-03-2025 [INFO]: Database connected successfully
10:06:24 23-03-2025 [INFO]: Database connected successfully
10:06:31 23-03-2025 [ERROR]: invalid signature
10:07:04 23-03-2025 [INFO]: Database connected successfully
10:07:43 23-03-2025 [ERROR]: Shop not registered!
10:08:20 23-03-2025 [INFO]: Database connected successfully
10:08:46 23-03-2025 [INFO]: Database connected successfully
10:08:53 23-03-2025 [INFO]: Database connected successfully
10:08:56 23-03-2025 [INFO]: Database connected successfully
10:08:58 23-03-2025 [ERROR]: holderToken.updateOne is not a function
10:09:10 23-03-2025 [INFO]: Database connected successfully
10:09:12 23-03-2025 [INFO]: Database connected successfully
10:09:14 23-03-2025 [ERROR]: holderToken.updateOne is not a function
10:09:34 23-03-2025 [INFO]: Database connected successfully
10:09:36 23-03-2025 [ERROR]: holderToken.updateOne is not a function
10:10:14 23-03-2025 [INFO]: Database connected successfully
10:10:20 23-03-2025 [INFO]: Database connected successfully
10:10:30 23-03-2025 [INFO]: Database connected successfully
10:10:39 23-03-2025 [INFO]: Database connected successfully
10:10:42 23-03-2025 [INFO]: Database connected successfully
10:10:51 23-03-2025 [INFO]: Database connected successfully
10:11:12 23-03-2025 [INFO]: Database connected successfully
10:11:29 23-03-2025 [INFO]: Database connected successfully
10:11:45 23-03-2025 [INFO]: Database connected successfully
10:11:48 23-03-2025 [INFO]: Database connected successfully
10:11:55 23-03-2025 [INFO]: Database connected successfully
10:12:00 23-03-2025 [INFO]: Database connected successfully
10:12:08 23-03-2025 [INFO]: Database connected successfully
10:12:15 23-03-2025 [INFO]: Database connected successfully
10:12:24 23-03-2025 [INFO]: Database connected successfully
10:12:28 23-03-2025 [INFO]: Database connected successfully
10:12:29 23-03-2025 [INFO]: Database connected successfully
10:12:40 23-03-2025 [INFO]: Database connected successfully
10:13:04 23-03-2025 [INFO]: Database connected successfully
10:13:44 23-03-2025 [INFO]: Database connected successfully
10:15:03 23-03-2025 [INFO]: Database connected successfully
10:15:17 23-03-2025 [INFO]: Database connected successfully
10:15:22 23-03-2025 [INFO]: Database connected successfully
10:15:26 23-03-2025 [INFO]: Database connected successfully
10:15:44 23-03-2025 [INFO]: Database connected successfully
10:16:08 23-03-2025 [INFO]: Database connected successfully
10:16:10 23-03-2025 [INFO]: Database connected successfully
10:16:12 23-03-2025 [INFO]: Database connected successfully
10:16:15 23-03-2025 [INFO]: Database connected successfully
10:16:17 23-03-2025 [INFO]: Database connected successfully
10:17:18 23-03-2025 [INFO]: Database connected successfully
10:17:20 23-03-2025 [INFO]: Database connected successfully
10:17:23 23-03-2025 [INFO]: Database connected successfully
10:17:25 23-03-2025 [INFO]: Database connected successfully
10:17:28 23-03-2025 [INFO]: Database connected successfully
10:17:34 23-03-2025 [INFO]: Database connected successfully
10:17:40 23-03-2025 [INFO]: Database connected successfully
10:17:56 23-03-2025 [INFO]: Database connected successfully
10:18:02 23-03-2025 [INFO]: Database connected successfully
10:18:17 23-03-2025 [INFO]: Database connected successfully
10:18:22 23-03-2025 [INFO]: Database connected successfully
10:18:24 23-03-2025 [INFO]: Database connected successfully
10:19:06 23-03-2025 [INFO]: Database connected successfully
10:19:16 23-03-2025 [INFO]: Database connected successfully
10:19:30 23-03-2025 [INFO]: Database connected successfully
10:19:35 23-03-2025 [INFO]: Database connected successfully
10:19:37 23-03-2025 [INFO]: Database connected successfully
10:19:41 23-03-2025 [INFO]: Database connected successfully
10:19:45 23-03-2025 [INFO]: Database connected successfully
10:19:47 23-03-2025 [INFO]: Database connected successfully
10:19:49 23-03-2025 [INFO]: Database connected successfully
10:19:55 23-03-2025 [INFO]: Database connected successfully
10:20:28 23-03-2025 [INFO]: Database connected successfully
10:20:37 23-03-2025 [INFO]: Database connected successfully
10:20:50 23-03-2025 [INFO]: Database connected successfully
10:20:54 23-03-2025 [INFO]: Database connected successfully
10:21:38 23-03-2025 [INFO]: Database connected successfully
10:22:30 23-03-2025 [INFO]: Database connected successfully
10:22:32 23-03-2025 [INFO]: Database connected successfully
10:23:02 23-03-2025 [INFO]: Database connected successfully
