10:06:12 24-03-2025 [INFO]: Database connected successfully
10:23:58 24-03-2025 [INFO]: Database connected successfully
10:24:07 24-03-2025 [INFO]: Database connected successfully
10:24:09 24-03-2025 [INFO]: Database connected successfully
10:26:32 24-03-2025 [INFO]: Database connected successfully
10:26:34 24-03-2025 [INFO]: Database connected successfully
10:26:47 24-03-2025 [INFO]: Database connected successfully
10:27:16 24-03-2025 [INFO]: Database connected successfully
10:27:22 24-03-2025 [INFO]: Database connected successfully
10:27:46 24-03-2025 [INFO]: Database connected successfully
10:27:48 24-03-2025 [INFO]: Database connected successfully
10:27:54 24-03-2025 [INFO]: Database connected successfully
10:29:07 24-03-2025 [INFO]: Database connected successfully
10:29:09 24-03-2025 [INFO]: Database connected successfully
10:29:15 24-03-2025 [INFO]: Database connected successfully
10:30:03 24-03-2025 [INFO]: Database connected successfully
10:30:07 24-03-2025 [INFO]: Database connected successfully
10:30:10 24-03-2025 [INFO]: Database connected successfully
10:30:12 24-03-2025 [INFO]: Database connected successfully
10:30:14 24-03-2025 [INFO]: Database connected successfully
10:30:22 24-03-2025 [INFO]: Database connected successfully
10:30:24 24-03-2025 [INFO]: Database connected successfully
10:30:45 24-03-2025 [INFO]: Database connected successfully
10:31:13 24-03-2025 [INFO]: Database connected successfully
10:31:15 24-03-2025 [INFO]: Database connected successfully
10:31:17 24-03-2025 [INFO]: Database connected successfully
10:31:23 24-03-2025 [INFO]: Database connected successfully
10:31:34 24-03-2025 [INFO]: Database connected successfully
10:31:36 24-03-2025 [INFO]: Database connected successfully
10:31:37 24-03-2025 [INFO]: Database connected successfully
10:31:44 24-03-2025 [INFO]: Database connected successfully
10:31:49 24-03-2025 [INFO]: Database connected successfully
10:31:53 24-03-2025 [INFO]: Database connected successfully
10:32:20 24-03-2025 [INFO]: Database connected successfully
10:32:23 24-03-2025 [INFO]: Database connected successfully
10:32:31 24-03-2025 [INFO]: Database connected successfully
10:32:39 24-03-2025 [INFO]: Database connected successfully
10:33:24 24-03-2025 [ERROR]: Cannot read properties of undefined (reading '_id')
10:34:38 24-03-2025 [INFO]: Database connected successfully
10:34:40 24-03-2025 [ERROR]: Cannot read properties of undefined (reading 'userId')
10:35:06 24-03-2025 [INFO]: Database connected successfully
10:35:10 24-03-2025 [INFO]: Database connected successfully
10:35:17 24-03-2025 [INFO]: Database connected successfully
10:35:30 24-03-2025 [ERROR]: Email or password incorrect!
10:35:42 24-03-2025 [ERROR]: Email already registered!
10:35:49 24-03-2025 [ERROR]: Email or password incorrect!
10:36:15 24-03-2025 [ERROR]: Email not registered!
10:36:52 24-03-2025 [ERROR]: Cannot read properties of undefined (reading 'userId')
10:37:01 24-03-2025 [INFO]: Database connected successfully
10:37:15 24-03-2025 [INFO]: Database connected successfully
10:37:16 24-03-2025 [ERROR]: Cannot read properties of undefined (reading 'userId')
10:37:33 24-03-2025 [INFO]: Database connected successfully
10:37:43 24-03-2025 [INFO]: Database connected successfully
10:37:45 24-03-2025 [ERROR]: Cannot read properties of undefined (reading 'userId')
10:38:20 24-03-2025 [ERROR]: Cannot read properties of undefined (reading 'userId')
10:38:49 24-03-2025 [INFO]: Database connected successfully
10:38:50 24-03-2025 [ERROR]: Cannot read properties of undefined (reading 'userId')
10:39:04 24-03-2025 [INFO]: Database connected successfully
10:39:07 24-03-2025 [ERROR]: invalid signature
10:39:23 24-03-2025 [INFO]: Database connected successfully
10:39:25 24-03-2025 [INFO]: Database connected successfully
10:39:29 24-03-2025 [ERROR]: invalid signature
10:40:02 24-03-2025 [INFO]: Database connected successfully
10:40:04 24-03-2025 [INFO]: Database connected successfully
10:40:04 24-03-2025 [ERROR]: invalid signature
10:40:34 24-03-2025 [INFO]: Database connected successfully
10:40:36 24-03-2025 [ERROR]: invalid signature
10:40:42 24-03-2025 [INFO]: Database connected successfully
10:40:44 24-03-2025 [INFO]: Database connected successfully
10:40:44 24-03-2025 [ERROR]: invalid signature
10:40:58 24-03-2025 [INFO]: Database connected successfully
10:41:06 24-03-2025 [INFO]: Database connected successfully
10:41:08 24-03-2025 [ERROR]: invalid signature
10:42:25 24-03-2025 [INFO]: Database connected successfully
10:42:29 24-03-2025 [INFO]: Database connected successfully
10:42:45 24-03-2025 [ERROR]: Clothing validation failed: product_shop: Path `product_shop` is required.
10:43:13 24-03-2025 [INFO]: Database connected successfully
10:43:15 24-03-2025 [INFO]: Database connected successfully
11:04:27 24-03-2025 [INFO]: Database connected successfully
11:05:09 24-03-2025 [INFO]: Database connected successfully
11:05:15 24-03-2025 [INFO]: Database connected successfully
11:05:19 24-03-2025 [INFO]: Database connected successfully
11:05:29 24-03-2025 [INFO]: Database connected successfully
11:05:36 24-03-2025 [INFO]: Database connected successfully
11:08:45 24-03-2025 [INFO]: Database connected successfully
11:08:47 24-03-2025 [INFO]: Database connected successfully
11:09:55 24-03-2025 [INFO]: Database connected successfully
11:10:02 24-03-2025 [INFO]: Database connected successfully
11:10:04 24-03-2025 [INFO]: Database connected successfully
11:10:13 24-03-2025 [INFO]: Database connected successfully
11:10:31 24-03-2025 [INFO]: Database connected successfully
11:10:37 24-03-2025 [INFO]: Database connected successfully
11:10:51 24-03-2025 [INFO]: Database connected successfully
11:10:57 24-03-2025 [INFO]: Database connected successfully
11:12:03 24-03-2025 [INFO]: Database connected successfully
11:12:12 24-03-2025 [INFO]: Database connected successfully
11:23:00 24-03-2025 [INFO]: Database connected successfully
11:23:02 24-03-2025 [INFO]: Database connected successfully
11:23:09 24-03-2025 [INFO]: Database connected successfully
11:23:11 24-03-2025 [INFO]: Database connected successfully
11:23:17 24-03-2025 [INFO]: Database connected successfully
11:23:21 24-03-2025 [INFO]: Database connected successfully
11:23:25 24-03-2025 [INFO]: Database connected successfully
11:23:27 24-03-2025 [INFO]: Database connected successfully
11:23:39 24-03-2025 [INFO]: Database connected successfully
11:23:43 24-03-2025 [INFO]: Database connected successfully
11:23:46 24-03-2025 [INFO]: Database connected successfully
11:24:00 24-03-2025 [INFO]: Database connected successfully
11:24:12 24-03-2025 [INFO]: Database connected successfully
11:24:18 24-03-2025 [INFO]: Database connected successfully
11:24:21 24-03-2025 [INFO]: Database connected successfully
11:24:22 24-03-2025 [INFO]: Database connected successfully
11:24:45 24-03-2025 [INFO]: Database connected successfully
11:25:12 24-03-2025 [INFO]: Database connected successfully
11:26:28 24-03-2025 [INFO]: Database connected successfully
11:26:33 24-03-2025 [INFO]: Database connected successfully
11:26:36 24-03-2025 [INFO]: Database connected successfully
11:26:40 24-03-2025 [INFO]: Database connected successfully
11:26:45 24-03-2025 [INFO]: Database connected successfully
11:26:50 24-03-2025 [INFO]: Database connected successfully
11:26:58 24-03-2025 [INFO]: Database connected successfully
11:27:05 24-03-2025 [INFO]: Database connected successfully
11:27:06 24-03-2025 [INFO]: Database connected successfully
11:27:10 24-03-2025 [INFO]: Database connected successfully
11:27:20 24-03-2025 [INFO]: Database connected successfully
11:27:22 24-03-2025 [INFO]: Database connected successfully
11:27:26 24-03-2025 [INFO]: Database connected successfully
11:27:31 24-03-2025 [INFO]: Database connected successfully
11:27:35 24-03-2025 [INFO]: Database connected successfully
11:27:40 24-03-2025 [INFO]: Database connected successfully
11:27:44 24-03-2025 [INFO]: Database connected successfully
11:27:54 24-03-2025 [INFO]: Database connected successfully
11:27:56 24-03-2025 [INFO]: Database connected successfully
11:27:57 24-03-2025 [INFO]: Database connected successfully
11:28:19 24-03-2025 [INFO]: Database connected successfully
11:28:26 24-03-2025 [INFO]: Database connected successfully
11:28:49 24-03-2025 [INFO]: Database connected successfully
11:29:20 24-03-2025 [INFO]: Database connected successfully
11:29:22 24-03-2025 [INFO]: Database connected successfully
11:29:26 24-03-2025 [INFO]: Database connected successfully
11:29:58 24-03-2025 [INFO]: Database connected successfully
11:30:07 24-03-2025 [INFO]: Database connected successfully
11:30:13 24-03-2025 [INFO]: Database connected successfully
11:31:47 24-03-2025 [INFO]: Database connected successfully
11:32:12 24-03-2025 [INFO]: Database connected successfully
11:32:17 24-03-2025 [INFO]: Database connected successfully
11:32:26 24-03-2025 [INFO]: Database connected successfully
11:32:32 24-03-2025 [INFO]: Database connected successfully
11:33:55 24-03-2025 [ERROR]: Not Found Key Store
11:34:11 24-03-2025 [ERROR]: Bad Request
11:35:29 24-03-2025 [INFO]: Database connected successfully
11:35:32 24-03-2025 [INFO]: Database connected successfully
11:35:34 24-03-2025 [ERROR]: Bad Request
11:35:44 24-03-2025 [INFO]: Database connected successfully
11:36:00 24-03-2025 [INFO]: Database connected successfully
11:36:03 24-03-2025 [ERROR]: Bad Request
11:36:11 24-03-2025 [INFO]: Database connected successfully
11:36:12 24-03-2025 [ERROR]: Bad Request
11:36:27 24-03-2025 [INFO]: Database connected successfully
11:36:35 24-03-2025 [INFO]: Database connected successfully
11:36:37 24-03-2025 [INFO]: Database connected successfully
11:36:43 24-03-2025 [INFO]: Database connected successfully
11:36:48 24-03-2025 [INFO]: Database connected successfully
11:37:59 24-03-2025 [INFO]: Database connected successfully
13:47:33 24-03-2025 [INFO]: Database connected successfully
13:47:55 24-03-2025 [INFO]: Database connected successfully
13:48:02 24-03-2025 [INFO]: Database connected successfully
13:48:15 24-03-2025 [INFO]: Database connected successfully
13:48:52 24-03-2025 [INFO]: Database connected successfully
13:48:58 24-03-2025 [INFO]: Database connected successfully
13:48:59 24-03-2025 [INFO]: Database connected successfully
13:49:21 24-03-2025 [INFO]: Database connected successfully
13:57:08 24-03-2025 [INFO]: Database connected successfully
14:06:42 24-03-2025 [INFO]: Database connected successfully
14:06:48 24-03-2025 [INFO]: Database connected successfully
14:06:51 24-03-2025 [INFO]: Database connected successfully
14:06:53 24-03-2025 [INFO]: Database connected successfully
14:06:55 24-03-2025 [INFO]: Database connected successfully
14:07:03 24-03-2025 [INFO]: Database connected successfully
14:07:06 24-03-2025 [INFO]: Database connected successfully
14:07:12 24-03-2025 [INFO]: Database connected successfully
14:07:14 24-03-2025 [INFO]: Database connected successfully
14:08:14 24-03-2025 [INFO]: Database connected successfully
14:08:16 24-03-2025 [INFO]: Database connected successfully
14:08:20 24-03-2025 [INFO]: Database connected successfully
14:08:30 24-03-2025 [INFO]: Database connected successfully
14:08:34 24-03-2025 [INFO]: Database connected successfully
14:08:42 24-03-2025 [INFO]: Database connected successfully
14:08:46 24-03-2025 [INFO]: Database connected successfully
14:08:50 24-03-2025 [INFO]: Database connected successfully
14:08:54 24-03-2025 [INFO]: Database connected successfully
14:08:57 24-03-2025 [INFO]: Database connected successfully
14:09:27 24-03-2025 [INFO]: Database connected successfully
14:09:31 24-03-2025 [INFO]: Database connected successfully
14:09:33 24-03-2025 [INFO]: Database connected successfully
14:09:41 24-03-2025 [INFO]: Database connected successfully
14:10:06 24-03-2025 [INFO]: Database connected successfully
14:10:16 24-03-2025 [INFO]: Database connected successfully
14:10:33 24-03-2025 [INFO]: Database connected successfully
14:10:36 24-03-2025 [INFO]: Database connected successfully
14:10:58 24-03-2025 [INFO]: Database connected successfully
14:11:07 24-03-2025 [INFO]: Database connected successfully
14:11:11 24-03-2025 [INFO]: Database connected successfully
14:11:13 24-03-2025 [INFO]: Database connected successfully
14:11:20 24-03-2025 [INFO]: Database connected successfully
14:11:21 24-03-2025 [INFO]: Database connected successfully
14:11:27 24-03-2025 [INFO]: Database connected successfully
14:11:29 24-03-2025 [INFO]: Database connected successfully
14:12:09 24-03-2025 [INFO]: Database connected successfully
14:12:27 24-03-2025 [INFO]: Database connected successfully
14:12:58 24-03-2025 [INFO]: Database connected successfully
14:13:01 24-03-2025 [INFO]: Database connected successfully
14:13:54 24-03-2025 [INFO]: Database connected successfully
14:14:32 24-03-2025 [INFO]: Database connected successfully
14:18:16 24-03-2025 [INFO]: Database connected successfully
14:18:21 24-03-2025 [INFO]: Database connected successfully
14:18:29 24-03-2025 [INFO]: Database connected successfully
14:18:34 24-03-2025 [INFO]: Database connected successfully
14:18:36 24-03-2025 [INFO]: Database connected successfully
14:18:41 24-03-2025 [INFO]: Database connected successfully
14:19:04 24-03-2025 [ERROR]: invalid signature
14:20:14 24-03-2025 [ERROR]: Electronic validation failed: manufacturer: Path `manufacturer` is required.
14:46:22 24-03-2025 [INFO]: Database connected successfully
14:46:29 24-03-2025 [INFO]: Database connected successfully
14:46:37 24-03-2025 [INFO]: Database connected successfully
14:46:41 24-03-2025 [INFO]: Database connected successfully
14:46:44 24-03-2025 [INFO]: Database connected successfully
14:46:49 24-03-2025 [INFO]: Database connected successfully
14:47:49 24-03-2025 [INFO]: Database connected successfully
14:47:51 24-03-2025 [INFO]: Database connected successfully
14:47:57 24-03-2025 [INFO]: Database connected successfully
14:48:12 24-03-2025 [INFO]: Database connected successfully
14:48:26 24-03-2025 [INFO]: Database connected successfully
14:48:41 24-03-2025 [INFO]: Database connected successfully
14:48:44 24-03-2025 [INFO]: Database connected successfully
14:48:51 24-03-2025 [INFO]: Database connected successfully
14:48:57 24-03-2025 [INFO]: Database connected successfully
14:50:08 24-03-2025 [INFO]: Database connected successfully
14:51:37 24-03-2025 [INFO]: Database connected successfully
14:52:39 24-03-2025 [INFO]: Database connected successfully
14:52:48 24-03-2025 [INFO]: Database connected successfully
14:52:53 24-03-2025 [INFO]: Database connected successfully
14:53:26 24-03-2025 [INFO]: Database connected successfully
14:53:45 24-03-2025 [INFO]: Database connected successfully
14:53:46 24-03-2025 [INFO]: Database connected successfully
14:54:31 24-03-2025 [INFO]: Database connected successfully
14:54:40 24-03-2025 [INFO]: Database connected successfully
14:54:43 24-03-2025 [INFO]: Database connected successfully
14:55:23 24-03-2025 [INFO]: Database connected successfully
14:56:41 24-03-2025 [INFO]: Database connected successfully
14:57:11 24-03-2025 [INFO]: Database connected successfully
14:57:18 24-03-2025 [INFO]: Database connected successfully
14:57:58 24-03-2025 [INFO]: Database connected successfully
14:58:08 24-03-2025 [INFO]: Database connected successfully
14:58:11 24-03-2025 [INFO]: Database connected successfully
14:58:12 24-03-2025 [INFO]: Database connected successfully
14:58:33 24-03-2025 [INFO]: Database connected successfully
15:03:15 24-03-2025 [INFO]: Database connected successfully
15:05:14 24-03-2025 [INFO]: Database connected successfully
15:10:32 24-03-2025 [INFO]: Database connected successfully
15:11:23 24-03-2025 [INFO]: Database connected successfully
15:12:46 24-03-2025 [INFO]: Database connected successfully
15:16:09 24-03-2025 [INFO]: Database connected successfully
15:16:22 24-03-2025 [INFO]: Database connected successfully
15:16:24 24-03-2025 [INFO]: Database connected successfully
15:16:34 24-03-2025 [INFO]: Database connected successfully
15:16:38 24-03-2025 [INFO]: Database connected successfully
15:16:45 24-03-2025 [INFO]: Database connected successfully
15:16:48 24-03-2025 [INFO]: Database connected successfully
15:16:57 24-03-2025 [INFO]: Database connected successfully
15:17:01 24-03-2025 [INFO]: Database connected successfully
15:17:17 24-03-2025 [INFO]: Database connected successfully
15:17:29 24-03-2025 [INFO]: Database connected successfully
15:17:31 24-03-2025 [INFO]: Database connected successfully
15:18:28 24-03-2025 [INFO]: Database connected successfully
15:18:30 24-03-2025 [INFO]: Database connected successfully
15:18:31 24-03-2025 [INFO]: Database connected successfully
15:19:37 24-03-2025 [INFO]: Database connected successfully
15:19:43 24-03-2025 [INFO]: Database connected successfully
15:19:54 24-03-2025 [INFO]: Database connected successfully
15:19:57 24-03-2025 [INFO]: Database connected successfully
15:20:05 24-03-2025 [INFO]: Database connected successfully
15:20:06 24-03-2025 [INFO]: Database connected successfully
15:20:09 24-03-2025 [INFO]: Database connected successfully
15:20:11 24-03-2025 [INFO]: Database connected successfully
15:20:16 24-03-2025 [INFO]: Database connected successfully
15:20:18 24-03-2025 [INFO]: Database connected successfully
15:20:20 24-03-2025 [INFO]: Database connected successfully
15:20:23 24-03-2025 [INFO]: Database connected successfully
15:20:28 24-03-2025 [INFO]: Database connected successfully
15:20:35 24-03-2025 [INFO]: Database connected successfully
15:20:38 24-03-2025 [INFO]: Database connected successfully
15:20:46 24-03-2025 [INFO]: Database connected successfully
15:20:59 24-03-2025 [INFO]: Database connected successfully
15:21:03 24-03-2025 [INFO]: Database connected successfully
15:21:07 24-03-2025 [INFO]: Database connected successfully
15:21:19 24-03-2025 [INFO]: Database connected successfully
15:21:25 24-03-2025 [INFO]: Database connected successfully
15:21:31 24-03-2025 [INFO]: Database connected successfully
15:21:39 24-03-2025 [INFO]: Database connected successfully
15:21:47 24-03-2025 [INFO]: Database connected successfully
15:22:03 24-03-2025 [INFO]: Database connected successfully
15:22:11 24-03-2025 [INFO]: Database connected successfully
15:22:17 24-03-2025 [INFO]: Database connected successfully
15:22:20 24-03-2025 [INFO]: Database connected successfully
15:22:23 24-03-2025 [INFO]: Database connected successfully
15:22:47 24-03-2025 [INFO]: Database connected successfully
15:22:49 24-03-2025 [INFO]: Database connected successfully
15:23:02 24-03-2025 [INFO]: Database connected successfully
15:23:09 24-03-2025 [INFO]: Database connected successfully
15:23:20 24-03-2025 [INFO]: Database connected successfully
15:23:21 24-03-2025 [INFO]: Database connected successfully
15:23:23 24-03-2025 [INFO]: Database connected successfully
15:23:39 24-03-2025 [INFO]: Database connected successfully
15:23:51 24-03-2025 [INFO]: Database connected successfully
15:23:57 24-03-2025 [INFO]: Database connected successfully
15:24:05 24-03-2025 [INFO]: Database connected successfully
15:24:08 24-03-2025 [INFO]: Database connected successfully
15:24:15 24-03-2025 [INFO]: Database connected successfully
15:24:22 24-03-2025 [INFO]: Database connected successfully
15:24:26 24-03-2025 [INFO]: Database connected successfully
15:24:38 24-03-2025 [INFO]: Database connected successfully
15:24:41 24-03-2025 [INFO]: Database connected successfully
15:24:44 24-03-2025 [INFO]: Database connected successfully
15:24:52 24-03-2025 [INFO]: Database connected successfully
15:25:33 24-03-2025 [INFO]: Database connected successfully
15:25:40 24-03-2025 [INFO]: Database connected successfully
15:25:46 24-03-2025 [INFO]: Database connected successfully
15:25:51 24-03-2025 [INFO]: Database connected successfully
15:26:15 24-03-2025 [INFO]: Database connected successfully
15:26:26 24-03-2025 [INFO]: Database connected successfully
15:26:27 24-03-2025 [INFO]: Database connected successfully
15:26:32 24-03-2025 [INFO]: Database connected successfully
15:26:36 24-03-2025 [INFO]: Database connected successfully
15:26:44 24-03-2025 [INFO]: Database connected successfully
15:26:46 24-03-2025 [INFO]: Database connected successfully
15:26:50 24-03-2025 [INFO]: Database connected successfully
15:26:51 24-03-2025 [INFO]: Database connected successfully
15:27:02 24-03-2025 [INFO]: Database connected successfully
15:27:09 24-03-2025 [INFO]: Database connected successfully
15:27:11 24-03-2025 [INFO]: Database connected successfully
15:27:15 24-03-2025 [INFO]: Database connected successfully
15:27:21 24-03-2025 [INFO]: Database connected successfully
15:27:37 24-03-2025 [INFO]: Database connected successfully
15:27:41 24-03-2025 [INFO]: Database connected successfully
15:27:43 24-03-2025 [INFO]: Database connected successfully
15:29:41 24-03-2025 [INFO]: Database connected successfully
15:29:44 24-03-2025 [INFO]: Database connected successfully
15:29:52 24-03-2025 [INFO]: Database connected successfully
15:30:27 24-03-2025 [INFO]: Database connected successfully
15:30:54 24-03-2025 [INFO]: Database connected successfully
15:31:12 24-03-2025 [INFO]: Database connected successfully
15:31:19 24-03-2025 [INFO]: Database connected successfully
15:31:21 24-03-2025 [INFO]: Database connected successfully
15:31:27 24-03-2025 [INFO]: Database connected successfully
15:32:27 24-03-2025 [INFO]: Database connected successfully
15:32:30 24-03-2025 [INFO]: Database connected successfully
15:32:32 24-03-2025 [INFO]: Database connected successfully
15:32:35 24-03-2025 [INFO]: Database connected successfully
15:33:03 24-03-2025 [INFO]: Database connected successfully
15:33:07 24-03-2025 [INFO]: Database connected successfully
15:33:12 24-03-2025 [INFO]: Database connected successfully
15:33:15 24-03-2025 [INFO]: Database connected successfully
15:33:22 24-03-2025 [INFO]: Database connected successfully
15:33:27 24-03-2025 [INFO]: Database connected successfully
15:33:36 24-03-2025 [INFO]: Database connected successfully
15:33:39 24-03-2025 [INFO]: Database connected successfully
15:33:41 24-03-2025 [INFO]: Database connected successfully
15:33:46 24-03-2025 [INFO]: Database connected successfully
15:33:51 24-03-2025 [INFO]: Database connected successfully
15:34:32 24-03-2025 [INFO]: Database connected successfully
15:34:33 24-03-2025 [INFO]: Database connected successfully
15:34:37 24-03-2025 [INFO]: Database connected successfully
15:34:46 24-03-2025 [INFO]: Database connected successfully
15:34:58 24-03-2025 [INFO]: Database connected successfully
15:35:01 24-03-2025 [INFO]: Database connected successfully
15:35:10 24-03-2025 [INFO]: Database connected successfully
15:35:18 24-03-2025 [INFO]: Database connected successfully
15:35:20 24-03-2025 [INFO]: Database connected successfully
15:35:21 24-03-2025 [INFO]: Database connected successfully
15:35:37 24-03-2025 [INFO]: Database connected successfully
15:35:40 24-03-2025 [INFO]: Database connected successfully
15:35:44 24-03-2025 [INFO]: Database connected successfully
15:35:48 24-03-2025 [INFO]: Database connected successfully
15:35:52 24-03-2025 [INFO]: Database connected successfully
15:35:55 24-03-2025 [INFO]: Database connected successfully
15:36:16 24-03-2025 [INFO]: Database connected successfully
15:36:20 24-03-2025 [INFO]: Database connected successfully
15:36:30 24-03-2025 [INFO]: Database connected successfully
15:36:32 24-03-2025 [INFO]: Database connected successfully
15:36:36 24-03-2025 [INFO]: Database connected successfully
15:36:38 24-03-2025 [INFO]: Database connected successfully
15:36:55 24-03-2025 [INFO]: Database connected successfully
15:37:02 24-03-2025 [INFO]: Database connected successfully
15:37:10 24-03-2025 [INFO]: Database connected successfully
15:37:23 24-03-2025 [INFO]: Database connected successfully
15:37:25 24-03-2025 [INFO]: Database connected successfully
15:37:36 24-03-2025 [INFO]: Database connected successfully
15:37:52 24-03-2025 [INFO]: Database connected successfully
15:37:54 24-03-2025 [INFO]: Database connected successfully
15:37:59 24-03-2025 [INFO]: Database connected successfully
15:38:02 24-03-2025 [INFO]: Database connected successfully
15:38:05 24-03-2025 [INFO]: Database connected successfully
15:38:15 24-03-2025 [INFO]: Database connected successfully
15:38:20 24-03-2025 [INFO]: Database connected successfully
15:38:22 24-03-2025 [INFO]: Database connected successfully
15:38:27 24-03-2025 [INFO]: Database connected successfully
15:38:35 24-03-2025 [INFO]: Database connected successfully
15:38:36 24-03-2025 [INFO]: Database connected successfully
15:38:53 24-03-2025 [INFO]: Database connected successfully
15:39:03 24-03-2025 [INFO]: Database connected successfully
15:39:07 24-03-2025 [INFO]: Database connected successfully
15:39:11 24-03-2025 [INFO]: Database connected successfully
15:39:13 24-03-2025 [INFO]: Database connected successfully
15:39:36 24-03-2025 [INFO]: Database connected successfully
15:40:02 24-03-2025 [INFO]: Database connected successfully
15:40:19 24-03-2025 [INFO]: Database connected successfully
15:40:22 24-03-2025 [INFO]: Database connected successfully
15:40:26 24-03-2025 [INFO]: Database connected successfully
15:40:29 24-03-2025 [INFO]: Database connected successfully
15:40:32 24-03-2025 [INFO]: Database connected successfully
15:40:39 24-03-2025 [INFO]: Database connected successfully
15:40:50 24-03-2025 [INFO]: Database connected successfully
15:40:53 24-03-2025 [INFO]: Database connected successfully
15:41:37 24-03-2025 [INFO]: Database connected successfully
15:42:07 24-03-2025 [INFO]: Database connected successfully
15:42:14 24-03-2025 [INFO]: Database connected successfully
15:42:21 24-03-2025 [INFO]: Database connected successfully
15:42:32 24-03-2025 [INFO]: Database connected successfully
15:42:37 24-03-2025 [INFO]: Database connected successfully
15:42:44 24-03-2025 [INFO]: Database connected successfully
15:42:45 24-03-2025 [INFO]: Database connected successfully
15:42:49 24-03-2025 [INFO]: Database connected successfully
15:43:12 24-03-2025 [INFO]: Database connected successfully
15:43:22 24-03-2025 [INFO]: Database connected successfully
15:43:36 24-03-2025 [INFO]: Database connected successfully
15:43:40 24-03-2025 [INFO]: Database connected successfully
15:43:42 24-03-2025 [INFO]: Database connected successfully
15:43:52 24-03-2025 [INFO]: Database connected successfully
15:43:54 24-03-2025 [INFO]: Database connected successfully
15:44:06 24-03-2025 [INFO]: Database connected successfully
15:44:07 24-03-2025 [INFO]: Database connected successfully
15:44:11 24-03-2025 [INFO]: Database connected successfully
15:44:16 24-03-2025 [INFO]: Database connected successfully
15:44:19 24-03-2025 [INFO]: Database connected successfully
15:44:22 24-03-2025 [INFO]: Database connected successfully
15:44:24 24-03-2025 [INFO]: Database connected successfully
15:44:37 24-03-2025 [INFO]: Database connected successfully
15:44:41 24-03-2025 [INFO]: Database connected successfully
15:44:46 24-03-2025 [INFO]: Database connected successfully
15:45:01 24-03-2025 [INFO]: Database connected successfully
15:46:45 24-03-2025 [INFO]: Database connected successfully
15:46:48 24-03-2025 [INFO]: Database connected successfully
15:46:52 24-03-2025 [INFO]: Database connected successfully
15:48:22 24-03-2025 [INFO]: Database connected successfully
15:48:27 24-03-2025 [INFO]: Database connected successfully
15:48:40 24-03-2025 [INFO]: Database connected successfully
15:49:00 24-03-2025 [INFO]: Database connected successfully
15:49:12 24-03-2025 [INFO]: Database connected successfully
15:49:27 24-03-2025 [INFO]: Database connected successfully
15:49:28 24-03-2025 [INFO]: Database connected successfully
15:49:42 24-03-2025 [INFO]: Database connected successfully
15:49:47 24-03-2025 [INFO]: Database connected successfully
15:49:48 24-03-2025 [INFO]: Database connected successfully
15:50:04 24-03-2025 [INFO]: Database connected successfully
15:50:16 24-03-2025 [INFO]: Database connected successfully
15:50:58 24-03-2025 [ERROR]: Cast to ObjectId failed for value "SchemaObjectId {
  path: '67e1147fd8668b7dc1808f03',
  instance: 'ObjectId',
  validators: [],
  getters: [],
  setters: [],
  _presplitPath: [ '67e1147fd8668b7dc1808f03' ],
  options: SchemaObjectIdOptions {},
  _index: null,
  [Symbol(mongoose#schemaType)]: true
}" (type SchemaObjectId) at path "_id" for model "Product"
15:52:52 24-03-2025 [INFO]: Database connected successfully
15:52:54 24-03-2025 [INFO]: Database connected successfully
15:52:57 24-03-2025 [INFO]: Database connected successfully
15:53:09 24-03-2025 [INFO]: Database connected successfully
15:53:15 24-03-2025 [INFO]: Database connected successfully
15:53:17 24-03-2025 [ERROR]: Cast to ObjectId failed for value "SchemaObjectId {
  path: '67e1147fd8668b7dc1808f03',
  instance: 'ObjectId',
  validators: [],
  getters: [],
  setters: [],
  _presplitPath: [ '67e1147fd8668b7dc1808f03' ],
  options: SchemaObjectIdOptions {},
  _index: null,
  [Symbol(mongoose#schemaType)]: true
}" (type SchemaObjectId) at path "_id" for model "Product"
15:53:41 24-03-2025 [INFO]: Database connected successfully
15:53:45 24-03-2025 [INFO]: Database connected successfully
15:53:49 24-03-2025 [INFO]: Database connected successfully
15:53:58 24-03-2025 [INFO]: Database connected successfully
15:54:00 24-03-2025 [INFO]: Database connected successfully
15:54:03 24-03-2025 [INFO]: Database connected successfully
15:54:05 24-03-2025 [ERROR]: Cast to ObjectId failed for value "SchemaObjectId {
  path: '67e1147fd8668b7dc1808f03',
  instance: 'ObjectId',
  validators: [],
  getters: [],
  setters: [],
  _presplitPath: [ '67e1147fd8668b7dc1808f03' ],
  options: SchemaObjectIdOptions {},
  _index: null,
  [Symbol(mongoose#schemaType)]: true
}" (type SchemaObjectId) at path "_id" for model "Product"
15:54:19 24-03-2025 [INFO]: Database connected successfully
15:54:24 24-03-2025 [INFO]: Database connected successfully
15:54:27 24-03-2025 [INFO]: Database connected successfully
15:54:29 24-03-2025 [INFO]: Database connected successfully
15:54:31 24-03-2025 [ERROR]: Cast to ObjectId failed for value "SchemaObjectId {
  path: '67e1147fd8668b7dc1808f03',
  instance: 'ObjectId',
  validators: [],
  getters: [],
  setters: [],
  _presplitPath: [ '67e1147fd8668b7dc1808f03' ],
  options: SchemaObjectIdOptions {},
  _index: null,
  [Symbol(mongoose#schemaType)]: true
}" (type SchemaObjectId) at path "_id" for model "Product"
15:54:39 24-03-2025 [INFO]: Database connected successfully
15:54:49 24-03-2025 [INFO]: Database connected successfully
15:55:04 24-03-2025 [INFO]: Database connected successfully
15:55:14 24-03-2025 [INFO]: Database connected successfully
15:55:17 24-03-2025 [INFO]: Database connected successfully
15:55:20 24-03-2025 [ERROR]: Cast to ObjectId failed for value "SchemaObjectId {
  path: '67e1147fd8668b7dc1808f03',
  instance: 'ObjectId',
  validators: [],
  getters: [],
  setters: [],
  _presplitPath: [ '67e1147fd8668b7dc1808f03' ],
  options: SchemaObjectIdOptions {},
  _index: null,
  [Symbol(mongoose#schemaType)]: true
}" (type SchemaObjectId) at path "_id" for model "Product"
15:55:32 24-03-2025 [INFO]: Database connected successfully
15:55:36 24-03-2025 [INFO]: Database connected successfully
15:55:40 24-03-2025 [INFO]: Database connected successfully
15:55:42 24-03-2025 [INFO]: Database connected successfully
15:56:04 24-03-2025 [INFO]: Database connected successfully
15:56:48 24-03-2025 [INFO]: Database connected successfully
15:56:53 24-03-2025 [INFO]: Database connected successfully
15:56:57 24-03-2025 [INFO]: Database connected successfully
15:57:08 24-03-2025 [INFO]: Database connected successfully
16:01:43 24-03-2025 [INFO]: Database connected successfully
16:01:58 24-03-2025 [INFO]: Database connected successfully
16:02:06 24-03-2025 [INFO]: Database connected successfully
16:02:10 24-03-2025 [INFO]: Database connected successfully
16:02:22 24-03-2025 [INFO]: Database connected successfully
16:02:27 24-03-2025 [INFO]: Database connected successfully
16:02:54 24-03-2025 [INFO]: Database connected successfully
16:02:59 24-03-2025 [INFO]: Database connected successfully
16:03:06 24-03-2025 [INFO]: Database connected successfully
16:03:59 24-03-2025 [INFO]: Database connected successfully
16:04:02 24-03-2025 [INFO]: Database connected successfully
16:04:15 24-03-2025 [INFO]: Database connected successfully
16:09:24 24-03-2025 [ERROR]: Bad Request
16:10:00 24-03-2025 [INFO]: Database connected successfully
16:10:02 24-03-2025 [INFO]: Database connected successfully
16:10:10 24-03-2025 [INFO]: Database connected successfully
16:21:46 24-03-2025 [INFO]: Database connected successfully
16:21:50 24-03-2025 [INFO]: Database connected successfully
16:21:55 24-03-2025 [INFO]: Database connected successfully
16:22:12 24-03-2025 [INFO]: Database connected successfully
16:22:31 24-03-2025 [INFO]: Database connected successfully
16:22:34 24-03-2025 [INFO]: Database connected successfully
16:22:47 24-03-2025 [INFO]: Database connected successfully
16:22:49 24-03-2025 [INFO]: Database connected successfully
16:22:53 24-03-2025 [INFO]: Database connected successfully
16:22:59 24-03-2025 [INFO]: Database connected successfully
16:23:04 24-03-2025 [INFO]: Database connected successfully
16:23:15 24-03-2025 [INFO]: Database connected successfully
16:23:17 24-03-2025 [INFO]: Database connected successfully
16:23:27 24-03-2025 [INFO]: Database connected successfully
16:23:29 24-03-2025 [INFO]: Database connected successfully
16:24:11 24-03-2025 [INFO]: Database connected successfully
16:24:17 24-03-2025 [INFO]: Database connected successfully
16:24:23 24-03-2025 [INFO]: Database connected successfully
16:24:42 24-03-2025 [INFO]: Database connected successfully
16:24:48 24-03-2025 [INFO]: Database connected successfully
16:25:15 24-03-2025 [INFO]: Database connected successfully
16:25:47 24-03-2025 [INFO]: Database connected successfully
16:25:50 24-03-2025 [INFO]: Database connected successfully
16:25:53 24-03-2025 [INFO]: Database connected successfully
16:26:06 24-03-2025 [INFO]: Database connected successfully
16:26:07 24-03-2025 [INFO]: Database connected successfully
16:26:13 24-03-2025 [INFO]: Database connected successfully
16:26:58 24-03-2025 [INFO]: Database connected successfully
16:27:06 24-03-2025 [INFO]: Database connected successfully
16:27:19 24-03-2025 [INFO]: Database connected successfully
16:27:22 24-03-2025 [INFO]: Database connected successfully
16:27:24 24-03-2025 [INFO]: Database connected successfully
16:27:33 24-03-2025 [INFO]: Database connected successfully
16:27:36 24-03-2025 [INFO]: Database connected successfully
16:27:53 24-03-2025 [INFO]: Database connected successfully
16:28:02 24-03-2025 [INFO]: Database connected successfully
16:28:10 24-03-2025 [INFO]: Database connected successfully
16:28:15 24-03-2025 [INFO]: Database connected successfully
16:28:19 24-03-2025 [INFO]: Database connected successfully
16:28:38 24-03-2025 [INFO]: Database connected successfully
16:28:43 24-03-2025 [INFO]: Database connected successfully
16:28:44 24-03-2025 [INFO]: Database connected successfully
16:29:04 24-03-2025 [INFO]: Database connected successfully
16:30:36 24-03-2025 [INFO]: Database connected successfully
16:30:40 24-03-2025 [INFO]: Database connected successfully
16:30:43 24-03-2025 [INFO]: Database connected successfully
16:30:46 24-03-2025 [INFO]: Database connected successfully
16:31:00 24-03-2025 [INFO]: Database connected successfully
16:31:08 24-03-2025 [INFO]: Database connected successfully
16:31:49 24-03-2025 [INFO]: Database connected successfully
16:32:22 24-03-2025 [INFO]: Database connected successfully
16:32:24 24-03-2025 [INFO]: Database connected successfully
16:32:37 24-03-2025 [INFO]: Database connected successfully
16:32:39 24-03-2025 [INFO]: Database connected successfully
16:34:15 24-03-2025 [INFO]: Database connected successfully
16:34:20 24-03-2025 [INFO]: Database connected successfully
16:34:21 24-03-2025 [INFO]: Database connected successfully
16:34:32 24-03-2025 [INFO]: Database connected successfully
16:34:35 24-03-2025 [INFO]: Database connected successfully
16:34:46 24-03-2025 [INFO]: Database connected successfully
16:35:35 24-03-2025 [INFO]: Database connected successfully
16:35:58 24-03-2025 [INFO]: Database connected successfully
16:36:10 24-03-2025 [INFO]: Database connected successfully
16:36:16 24-03-2025 [INFO]: Database connected successfully
16:36:27 24-03-2025 [INFO]: Database connected successfully
16:36:47 24-03-2025 [INFO]: Database connected successfully
16:37:07 24-03-2025 [INFO]: Database connected successfully
16:37:09 24-03-2025 [INFO]: Database connected successfully
16:37:16 24-03-2025 [INFO]: Database connected successfully
16:37:23 24-03-2025 [INFO]: Database connected successfully
16:37:39 24-03-2025 [INFO]: Database connected successfully
16:37:43 24-03-2025 [INFO]: Database connected successfully
16:37:50 24-03-2025 [INFO]: Database connected successfully
16:37:55 24-03-2025 [INFO]: Database connected successfully
16:38:02 24-03-2025 [INFO]: Database connected successfully
16:38:15 24-03-2025 [INFO]: Database connected successfully
16:38:51 24-03-2025 [INFO]: Database connected successfully
16:38:56 24-03-2025 [INFO]: Database connected successfully
16:39:41 24-03-2025 [ERROR]: "$search" had the wrong type. Expected string, found null
16:40:00 24-03-2025 [INFO]: Database connected successfully
16:40:01 24-03-2025 [ERROR]: "$search" had the wrong type. Expected string, found null
16:40:08 24-03-2025 [INFO]: Database connected successfully
16:40:20 24-03-2025 [INFO]: Database connected successfully
16:40:21 24-03-2025 [ERROR]: "$search" had the wrong type. Expected string, found null
16:41:39 24-03-2025 [INFO]: Database connected successfully
16:41:41 24-03-2025 [INFO]: Database connected successfully
16:41:51 24-03-2025 [INFO]: Database connected successfully
16:41:53 24-03-2025 [INFO]: Database connected successfully
16:42:02 24-03-2025 [INFO]: Database connected successfully
16:42:08 24-03-2025 [INFO]: Database connected successfully
16:42:40 24-03-2025 [INFO]: Database connected successfully
16:42:56 24-03-2025 [INFO]: Database connected successfully
16:43:00 24-03-2025 [INFO]: Database connected successfully
