08:30:15 25-03-2025 [INFO]: Database connected successfully
08:32:00 25-03-2025 [INFO]: Database connected successfully
08:32:05 25-03-2025 [INFO]: Database connected successfully
21:03:19 25-03-2025 [INFO]: Database connected successfully
21:03:38 25-03-2025 [ERROR]: Not Found Key Store
21:04:03 25-03-2025 [ERROR]: Not Found Key Store
21:04:38 25-03-2025 [ERROR]: Not Found Key Store
21:06:43 25-03-2025 [INFO]: Database connected successfully
21:06:46 25-03-2025 [INFO]: Database connected successfully
21:06:49 25-03-2025 [INFO]: Database connected successfully
21:06:55 25-03-2025 [INFO]: Database connected successfully
21:06:59 25-03-2025 [INFO]: Database connected successfully
21:07:03 25-03-2025 [INFO]: Database connected successfully
21:07:05 25-03-2025 [INFO]: Database connected successfully
21:07:10 25-03-2025 [INFO]: Database connected successfully
21:07:12 25-03-2025 [INFO]: Database connected successfully
21:07:19 25-03-2025 [INFO]: Database connected successfully
21:07:21 25-03-2025 [INFO]: Database connected successfully
21:07:22 25-03-2025 [INFO]: Database connected successfully
21:07:26 25-03-2025 [INFO]: Database connected successfully
21:07:35 25-03-2025 [INFO]: Database connected successfully
21:07:41 25-03-2025 [INFO]: Database connected successfully
21:07:44 25-03-2025 [INFO]: Database connected successfully
21:07:49 25-03-2025 [INFO]: Database connected successfully
21:08:04 25-03-2025 [INFO]: Database connected successfully
21:08:19 25-03-2025 [INFO]: Database connected successfully
21:09:02 25-03-2025 [INFO]: Database connected successfully
21:09:04 25-03-2025 [INFO]: Database connected successfully
21:09:06 25-03-2025 [INFO]: Database connected successfully
21:09:16 25-03-2025 [INFO]: Database connected successfully
21:09:26 25-03-2025 [INFO]: Database connected successfully
21:09:48 25-03-2025 [INFO]: Database connected successfully
21:09:53 25-03-2025 [INFO]: Database connected successfully
21:10:00 25-03-2025 [INFO]: Database connected successfully
21:10:15 25-03-2025 [INFO]: Database connected successfully
21:10:16 25-03-2025 [INFO]: Database connected successfully
21:10:27 25-03-2025 [INFO]: Database connected successfully
21:10:30 25-03-2025 [INFO]: Database connected successfully
21:10:33 25-03-2025 [INFO]: Database connected successfully
21:10:36 25-03-2025 [INFO]: Database connected successfully
21:11:35 25-03-2025 [INFO]: Database connected successfully
21:11:40 25-03-2025 [INFO]: Database connected successfully
21:11:46 25-03-2025 [INFO]: Database connected successfully
21:11:48 25-03-2025 [INFO]: Database connected successfully
21:11:55 25-03-2025 [INFO]: Database connected successfully
21:14:13 25-03-2025 [INFO]: Database connected successfully
21:14:20 25-03-2025 [INFO]: Database connected successfully
21:14:24 25-03-2025 [INFO]: Database connected successfully
21:14:41 25-03-2025 [INFO]: Database connected successfully
21:15:53 25-03-2025 [INFO]: Database connected successfully
21:16:03 25-03-2025 [INFO]: Database connected successfully
21:16:12 25-03-2025 [INFO]: Database connected successfully
21:16:18 25-03-2025 [INFO]: Database connected successfully
21:16:24 25-03-2025 [INFO]: Database connected successfully
21:16:36 25-03-2025 [INFO]: Database connected successfully
21:16:41 25-03-2025 [INFO]: Database connected successfully
21:16:49 25-03-2025 [INFO]: Database connected successfully
21:16:51 25-03-2025 [INFO]: Database connected successfully
21:16:59 25-03-2025 [INFO]: Database connected successfully
21:17:03 25-03-2025 [INFO]: Database connected successfully
21:17:07 25-03-2025 [INFO]: Database connected successfully
21:17:08 25-03-2025 [INFO]: Database connected successfully
21:17:31 25-03-2025 [INFO]: Database connected successfully
21:17:34 25-03-2025 [INFO]: Database connected successfully
21:17:40 25-03-2025 [INFO]: Database connected successfully
21:17:48 25-03-2025 [INFO]: Database connected successfully
21:18:04 25-03-2025 [INFO]: Database connected successfully
21:18:16 25-03-2025 [INFO]: Database connected successfully
21:18:21 25-03-2025 [INFO]: Database connected successfully
21:18:33 25-03-2025 [INFO]: Database connected successfully
21:19:38 25-03-2025 [INFO]: Database connected successfully
21:19:44 25-03-2025 [INFO]: Database connected successfully
21:19:58 25-03-2025 [INFO]: Database connected successfully
21:20:04 25-03-2025 [INFO]: Database connected successfully
21:20:14 25-03-2025 [INFO]: Database connected successfully
21:20:18 25-03-2025 [INFO]: Database connected successfully
21:20:24 25-03-2025 [INFO]: Database connected successfully
21:20:26 25-03-2025 [INFO]: Database connected successfully
21:20:32 25-03-2025 [INFO]: Database connected successfully
21:20:35 25-03-2025 [INFO]: Database connected successfully
21:20:43 25-03-2025 [INFO]: Database connected successfully
21:20:45 25-03-2025 [INFO]: Database connected successfully
21:20:51 25-03-2025 [INFO]: Database connected successfully
21:20:57 25-03-2025 [INFO]: Database connected successfully
21:20:58 25-03-2025 [INFO]: Database connected successfully
21:21:06 25-03-2025 [INFO]: Database connected successfully
21:22:03 25-03-2025 [INFO]: Database connected successfully
21:22:12 25-03-2025 [INFO]: Database connected successfully
21:23:27 25-03-2025 [INFO]: Database connected successfully
21:23:28 25-03-2025 [INFO]: Database connected successfully
21:23:31 25-03-2025 [INFO]: Database connected successfully
21:23:39 25-03-2025 [INFO]: Database connected successfully
21:23:57 25-03-2025 [INFO]: Database connected successfully
21:24:01 25-03-2025 [INFO]: Database connected successfully
21:24:02 25-03-2025 [INFO]: Database connected successfully
21:24:07 25-03-2025 [INFO]: Database connected successfully
21:24:30 25-03-2025 [INFO]: Database connected successfully
21:24:33 25-03-2025 [INFO]: Database connected successfully
21:24:35 25-03-2025 [INFO]: Database connected successfully
21:24:38 25-03-2025 [INFO]: Database connected successfully
21:24:42 25-03-2025 [INFO]: Database connected successfully
21:25:36 25-03-2025 [INFO]: Database connected successfully
21:25:38 25-03-2025 [ERROR]: Cast to ObjectId failed for value "67e2b80f662d1652c8b3c19" (type string) at path "_id" for model "Product"
21:26:03 25-03-2025 [ERROR]: Cast to ObjectId failed for value "67e2b80f662d1652c8b3c1911" (type string) at path "_id" for model "Product"
21:26:54 25-03-2025 [INFO]: Database connected successfully
21:26:56 25-03-2025 [INFO]: Database connected successfully
21:26:58 25-03-2025 [INFO]: Database connected successfully
21:27:07 25-03-2025 [INFO]: Database connected successfully
21:27:12 25-03-2025 [ERROR]: Cast to ObjectId failed for value "67e2b80f662d1652c8b3c1911" (type string) at path "_id" for model "Product"
21:27:24 25-03-2025 [INFO]: Database connected successfully
21:27:24 25-03-2025 [ERROR]: Cast to ObjectId failed for value "67e2b80f662d1652c8b3c1911" (type string) at path "_id" for model "Product"
21:27:28 25-03-2025 [INFO]: Database connected successfully
21:27:28 25-03-2025 [ERROR]: Cast to ObjectId failed for value "67e2b80f662d1652c8b3c1911" (type string) at path "_id" for model "Product"
21:27:40 25-03-2025 [INFO]: Database connected successfully
21:27:42 25-03-2025 [INFO]: Database connected successfully
21:27:56 25-03-2025 [INFO]: Database connected successfully
21:27:58 25-03-2025 [INFO]: Database connected successfully
21:28:04 25-03-2025 [INFO]: Database connected successfully
21:28:08 25-03-2025 [INFO]: Database connected successfully
21:28:14 25-03-2025 [ERROR]: Cast to ObjectId failed for value "67e2b80f662d1652c8b3c1911" (type string) at path "_id" for model "Product"
21:29:00 25-03-2025 [ERROR]: Product ID not found!
21:29:20 25-03-2025 [INFO]: Database connected successfully
21:29:25 25-03-2025 [INFO]: Database connected successfully
21:29:31 25-03-2025 [INFO]: Database connected successfully
21:29:40 25-03-2025 [INFO]: Database connected successfully
21:29:51 25-03-2025 [INFO]: Database connected successfully
21:30:11 25-03-2025 [INFO]: Database connected successfully
21:30:14 25-03-2025 [INFO]: Database connected successfully
21:30:17 25-03-2025 [INFO]: Database connected successfully
21:30:25 25-03-2025 [INFO]: Database connected successfully
21:30:31 25-03-2025 [INFO]: Database connected successfully
21:30:33 25-03-2025 [INFO]: Database connected successfully
21:30:55 25-03-2025 [INFO]: Database connected successfully
21:31:00 25-03-2025 [INFO]: Database connected successfully
21:31:21 25-03-2025 [INFO]: Database connected successfully
21:31:23 25-03-2025 [INFO]: Database connected successfully
21:31:27 25-03-2025 [INFO]: Database connected successfully
21:31:45 25-03-2025 [ERROR]: Product ID not found!
21:31:46 25-03-2025 [ERROR]: Product ID not found!
21:31:49 25-03-2025 [ERROR]: input must be a 24 character hex string, 12 byte Uint8Array, or an integer
21:32:02 25-03-2025 [INFO]: Database connected successfully
21:32:08 25-03-2025 [INFO]: Database connected successfully
21:32:12 25-03-2025 [INFO]: Database connected successfully
21:32:17 25-03-2025 [INFO]: Database connected successfully
21:32:20 25-03-2025 [INFO]: Database connected successfully
21:32:22 25-03-2025 [INFO]: Database connected successfully
21:32:30 25-03-2025 [INFO]: Database connected successfully
21:32:33 25-03-2025 [ERROR]: input must be a 24 character hex string, 12 byte Uint8Array, or an integer
21:32:34 25-03-2025 [ERROR]: input must be a 24 character hex string, 12 byte Uint8Array, or an integer
21:32:38 25-03-2025 [ERROR]: Cast to ObjectId failed for value "SchemaObjectId {
  path: '67e2b80f662d1652c8b3c191',
  instance: 'ObjectId',
  validators: [],
  getters: [],
  setters: [],
  _presplitPath: [ '67e2b80f662d1652c8b3c191' ],
  options: SchemaObjectIdOptions {},
  _index: null,
  [Symbol(mongoose#schemaType)]: true
}" (type SchemaObjectId) at path "_id" for model "Product"
21:32:52 25-03-2025 [ERROR]: input must be a 24 character hex string, 12 byte Uint8Array, or an integer
21:32:56 25-03-2025 [ERROR]: Cast to ObjectId failed for value "SchemaObjectId {
  path: '67e2b80f662d1652c8b3c191',
  instance: 'ObjectId',
  validators: [],
  getters: [],
  setters: [],
  _presplitPath: [ '67e2b80f662d1652c8b3c191' ],
  options: SchemaObjectIdOptions {},
  _index: null,
  [Symbol(mongoose#schemaType)]: true
}" (type SchemaObjectId) at path "_id" for model "Product"
21:33:13 25-03-2025 [INFO]: Database connected successfully
21:33:21 25-03-2025 [INFO]: Database connected successfully
21:33:26 25-03-2025 [INFO]: Database connected successfully
21:33:29 25-03-2025 [ERROR]: Product ID not found!
21:33:31 25-03-2025 [ERROR]: Product ID not found!
21:33:33 25-03-2025 [ERROR]: input must be a 24 character hex string, 12 byte Uint8Array, or an integer
21:33:53 25-03-2025 [INFO]: Database connected successfully
21:33:53 25-03-2025 [ERROR]: input must be a 24 character hex string, 12 byte Uint8Array, or an integer
21:33:55 25-03-2025 [ERROR]: input must be a 24 character hex string, 12 byte Uint8Array, or an integer
21:34:02 25-03-2025 [INFO]: Database connected successfully
21:34:04 25-03-2025 [INFO]: Database connected successfully
21:34:05 25-03-2025 [INFO]: Database connected successfully
21:34:08 25-03-2025 [INFO]: Database connected successfully
21:34:12 25-03-2025 [INFO]: Database connected successfully
21:34:12 25-03-2025 [ERROR]: input must be a 24 character hex string, 12 byte Uint8Array, or an integer
21:34:31 25-03-2025 [ERROR]: input must be a 24 character hex string, 12 byte Uint8Array, or an integer
21:34:34 25-03-2025 [ERROR]: input must be a 24 character hex string, 12 byte Uint8Array, or an integer
21:34:46 25-03-2025 [INFO]: Database connected successfully
21:34:48 25-03-2025 [ERROR]: input must be a 24 character hex string, 12 byte Uint8Array, or an integer
21:35:05 25-03-2025 [INFO]: Database connected successfully
21:35:55 25-03-2025 [INFO]: Database connected successfully
21:35:56 25-03-2025 [ERROR]: input must be a 24 character hex string, 12 byte Uint8Array, or an integer
21:36:15 25-03-2025 [INFO]: Database connected successfully
21:36:21 25-03-2025 [ERROR]: input must be a 24 character hex string, 12 byte Uint8Array, or an integer
21:36:25 25-03-2025 [INFO]: Database connected successfully
21:36:49 25-03-2025 [INFO]: Database connected successfully
21:36:51 25-03-2025 [INFO]: Database connected successfully
21:36:51 25-03-2025 [ERROR]: input must be a 24 character hex string, 12 byte Uint8Array, or an integer
21:36:52 25-03-2025 [ERROR]: input must be a 24 character hex string, 12 byte Uint8Array, or an integer
21:36:55 25-03-2025 [ERROR]: input must be a 24 character hex string, 12 byte Uint8Array, or an integer
21:37:20 25-03-2025 [INFO]: Database connected successfully
21:37:22 25-03-2025 [INFO]: Database connected successfully
21:37:24 25-03-2025 [INFO]: Database connected successfully
21:37:26 25-03-2025 [INFO]: Database connected successfully
21:37:29 25-03-2025 [INFO]: Database connected successfully
21:37:36 25-03-2025 [INFO]: Database connected successfully
21:37:38 25-03-2025 [ERROR]: input must be a 24 character hex string, 12 byte Uint8Array, or an integer
21:37:53 25-03-2025 [INFO]: Database connected successfully
21:37:55 25-03-2025 [INFO]: Database connected successfully
21:38:23 25-03-2025 [INFO]: Database connected successfully
21:38:27 25-03-2025 [INFO]: Database connected successfully
21:38:30 25-03-2025 [INFO]: Database connected successfully
21:38:30 25-03-2025 [ERROR]: input must be a 24 character hex string, 12 byte Uint8Array, or an integer
21:38:35 25-03-2025 [ERROR]: input must be a 24 character hex string, 12 byte Uint8Array, or an integer
21:38:39 25-03-2025 [ERROR]: input must be a 24 character hex string, 12 byte Uint8Array, or an integer
21:38:42 25-03-2025 [ERROR]: input must be a 24 character hex string, 12 byte Uint8Array, or an integer
21:38:53 25-03-2025 [ERROR]: input must be a 24 character hex string, 12 byte Uint8Array, or an integer
21:38:54 25-03-2025 [ERROR]: input must be a 24 character hex string, 12 byte Uint8Array, or an integer
21:39:03 25-03-2025 [INFO]: Database connected successfully
21:39:05 25-03-2025 [INFO]: Database connected successfully
21:39:07 25-03-2025 [INFO]: Database connected successfully
21:39:16 25-03-2025 [ERROR]: input must be a 24 character hex string, 12 byte Uint8Array, or an integer
21:39:47 25-03-2025 [ERROR]: input must be a 24 character hex string, 12 byte Uint8Array, or an integer
21:39:55 25-03-2025 [ERROR]: input must be a 24 character hex string, 12 byte Uint8Array, or an integer
21:40:28 25-03-2025 [ERROR]: input must be a 24 character hex string, 12 byte Uint8Array, or an integer
21:40:38 25-03-2025 [ERROR]: input must be a 24 character hex string, 12 byte Uint8Array, or an integer
21:40:40 25-03-2025 [ERROR]: input must be a 24 character hex string, 12 byte Uint8Array, or an integer
21:41:04 25-03-2025 [INFO]: Database connected successfully
21:41:10 25-03-2025 [INFO]: Database connected successfully
21:41:12 25-03-2025 [INFO]: Database connected successfully
21:41:28 25-03-2025 [INFO]: Database connected successfully
21:41:40 25-03-2025 [ERROR]: Unauthorized
21:41:47 25-03-2025 [INFO]: Database connected successfully
21:41:52 25-03-2025 [INFO]: Database connected successfully
21:42:07 25-03-2025 [INFO]: Database connected successfully
21:42:07 25-03-2025 [ERROR]: Cast to ObjectId failed for value "SchemaObjectId {
  path: '67dedb124328a60fa9634f611',
  instance: 'ObjectId',
  validators: [],
  getters: [],
  setters: [],
  _presplitPath: [ '67dedb124328a60fa9634f611' ],
  options: SchemaObjectIdOptions {},
  _index: null,
  [Symbol(mongoose#schemaType)]: true
}" (type SchemaObjectId) at path "user" for model "KeyToken"
21:42:15 25-03-2025 [INFO]: Database connected successfully
21:42:18 25-03-2025 [ERROR]: input must be a 24 character hex string, 12 byte Uint8Array, or an integer
21:42:28 25-03-2025 [INFO]: Database connected successfully
21:42:28 25-03-2025 [ERROR]: Cast to ObjectId failed for value "67dedb124328a60fa9634f611" (type string) at path "user" for model "KeyToken"
21:42:33 25-03-2025 [ERROR]: Cast to ObjectId failed for value "67dedb124328a60fa9634f611" (type string) at path "user" for model "KeyToken"
21:42:59 25-03-2025 [INFO]: Database connected successfully
21:43:10 25-03-2025 [INFO]: Database connected successfully
21:43:12 25-03-2025 [INFO]: Database connected successfully
21:43:15 25-03-2025 [INFO]: Database connected successfully
21:43:19 25-03-2025 [INFO]: Database connected successfully
21:43:19 25-03-2025 [ERROR]: Unauthorized
21:43:46 25-03-2025 [ERROR]: Cast to ObjectId failed for value "67e2b80f662d1652c8b3c199123" (type string) at path "_id" for model "Product"
21:44:09 25-03-2025 [INFO]: Database connected successfully
21:44:10 25-03-2025 [ERROR]: Product ID not found!
21:44:27 25-03-2025 [INFO]: Database connected successfully
21:44:28 25-03-2025 [ERROR]: Product ID invalid!
