10:33:24 24-03-2025 [ERROR]: Cannot read properties of undefined (reading '_id')
10:34:40 24-03-2025 [ERROR]: Cannot read properties of undefined (reading 'userId')
10:35:30 24-03-2025 [ERROR]: Email or password incorrect!
10:35:42 24-03-2025 [ERROR]: Email already registered!
10:35:49 24-03-2025 [ERROR]: Email or password incorrect!
10:36:15 24-03-2025 [ERROR]: Email not registered!
10:36:52 24-03-2025 [ERROR]: Cannot read properties of undefined (reading 'userId')
10:37:16 24-03-2025 [ERROR]: Cannot read properties of undefined (reading 'userId')
10:37:45 24-03-2025 [ERROR]: Cannot read properties of undefined (reading 'userId')
10:38:20 24-03-2025 [ERROR]: Cannot read properties of undefined (reading 'userId')
10:38:50 24-03-2025 [ERROR]: Cannot read properties of undefined (reading 'userId')
10:39:07 24-03-2025 [ERROR]: invalid signature
10:39:29 24-03-2025 [ERROR]: invalid signature
10:40:04 24-03-2025 [ERROR]: invalid signature
10:40:36 24-03-2025 [ERROR]: invalid signature
10:40:44 24-03-2025 [ERROR]: invalid signature
10:41:08 24-03-2025 [ERROR]: invalid signature
10:42:45 24-03-2025 [ERROR]: Clothing validation failed: product_shop: Path `product_shop` is required.
11:33:55 24-03-2025 [ERROR]: Not Found Key Store
11:34:11 24-03-2025 [ERROR]: Bad Request
11:35:34 24-03-2025 [ERROR]: Bad Request
11:36:03 24-03-2025 [ERROR]: Bad Request
11:36:12 24-03-2025 [ERROR]: Bad Request
14:19:04 24-03-2025 [ERROR]: invalid signature
14:20:14 24-03-2025 [ERROR]: Electronic validation failed: manufacturer: Path `manufacturer` is required.
15:50:58 24-03-2025 [ERROR]: Cast to ObjectId failed for value "SchemaObjectId {
  path: '67e1147fd8668b7dc1808f03',
  instance: 'ObjectId',
  validators: [],
  getters: [],
  setters: [],
  _presplitPath: [ '67e1147fd8668b7dc1808f03' ],
  options: SchemaObjectIdOptions {},
  _index: null,
  [Symbol(mongoose#schemaType)]: true
}" (type SchemaObjectId) at path "_id" for model "Product"
15:53:17 24-03-2025 [ERROR]: Cast to ObjectId failed for value "SchemaObjectId {
  path: '67e1147fd8668b7dc1808f03',
  instance: 'ObjectId',
  validators: [],
  getters: [],
  setters: [],
  _presplitPath: [ '67e1147fd8668b7dc1808f03' ],
  options: SchemaObjectIdOptions {},
  _index: null,
  [Symbol(mongoose#schemaType)]: true
}" (type SchemaObjectId) at path "_id" for model "Product"
15:54:05 24-03-2025 [ERROR]: Cast to ObjectId failed for value "SchemaObjectId {
  path: '67e1147fd8668b7dc1808f03',
  instance: 'ObjectId',
  validators: [],
  getters: [],
  setters: [],
  _presplitPath: [ '67e1147fd8668b7dc1808f03' ],
  options: SchemaObjectIdOptions {},
  _index: null,
  [Symbol(mongoose#schemaType)]: true
}" (type SchemaObjectId) at path "_id" for model "Product"
15:54:31 24-03-2025 [ERROR]: Cast to ObjectId failed for value "SchemaObjectId {
  path: '67e1147fd8668b7dc1808f03',
  instance: 'ObjectId',
  validators: [],
  getters: [],
  setters: [],
  _presplitPath: [ '67e1147fd8668b7dc1808f03' ],
  options: SchemaObjectIdOptions {},
  _index: null,
  [Symbol(mongoose#schemaType)]: true
}" (type SchemaObjectId) at path "_id" for model "Product"
15:55:20 24-03-2025 [ERROR]: Cast to ObjectId failed for value "SchemaObjectId {
  path: '67e1147fd8668b7dc1808f03',
  instance: 'ObjectId',
  validators: [],
  getters: [],
  setters: [],
  _presplitPath: [ '67e1147fd8668b7dc1808f03' ],
  options: SchemaObjectIdOptions {},
  _index: null,
  [Symbol(mongoose#schemaType)]: true
}" (type SchemaObjectId) at path "_id" for model "Product"
16:09:24 24-03-2025 [ERROR]: Bad Request
16:39:41 24-03-2025 [ERROR]: "$search" had the wrong type. Expected string, found null
16:40:01 24-03-2025 [ERROR]: "$search" had the wrong type. Expected string, found null
16:40:21 24-03-2025 [ERROR]: "$search" had the wrong type. Expected string, found null
