21:03:38 25-03-2025 [ERROR]: Not Found Key Store
21:04:03 25-03-2025 [ERROR]: Not Found Key Store
21:04:38 25-03-2025 [ERROR]: Not Found Key Store
21:25:38 25-03-2025 [ERROR]: Cast to ObjectId failed for value "67e2b80f662d1652c8b3c19" (type string) at path "_id" for model "Product"
21:26:03 25-03-2025 [ERROR]: Cast to ObjectId failed for value "67e2b80f662d1652c8b3c1911" (type string) at path "_id" for model "Product"
21:27:12 25-03-2025 [ERROR]: Cast to ObjectId failed for value "67e2b80f662d1652c8b3c1911" (type string) at path "_id" for model "Product"
21:27:24 25-03-2025 [ERROR]: Cast to ObjectId failed for value "67e2b80f662d1652c8b3c1911" (type string) at path "_id" for model "Product"
21:27:28 25-03-2025 [ERROR]: Cast to ObjectId failed for value "67e2b80f662d1652c8b3c1911" (type string) at path "_id" for model "Product"
21:28:14 25-03-2025 [ERROR]: Cast to ObjectId failed for value "67e2b80f662d1652c8b3c1911" (type string) at path "_id" for model "Product"
21:29:00 25-03-2025 [ERROR]: Product ID not found!
21:31:45 25-03-2025 [ERROR]: Product ID not found!
21:31:46 25-03-2025 [ERROR]: Product ID not found!
21:31:49 25-03-2025 [ERROR]: input must be a 24 character hex string, 12 byte Uint8Array, or an integer
21:32:33 25-03-2025 [ERROR]: input must be a 24 character hex string, 12 byte Uint8Array, or an integer
21:32:34 25-03-2025 [ERROR]: input must be a 24 character hex string, 12 byte Uint8Array, or an integer
21:32:38 25-03-2025 [ERROR]: Cast to ObjectId failed for value "SchemaObjectId {
  path: '67e2b80f662d1652c8b3c191',
  instance: 'ObjectId',
  validators: [],
  getters: [],
  setters: [],
  _presplitPath: [ '67e2b80f662d1652c8b3c191' ],
  options: SchemaObjectIdOptions {},
  _index: null,
  [Symbol(mongoose#schemaType)]: true
}" (type SchemaObjectId) at path "_id" for model "Product"
21:32:52 25-03-2025 [ERROR]: input must be a 24 character hex string, 12 byte Uint8Array, or an integer
21:32:56 25-03-2025 [ERROR]: Cast to ObjectId failed for value "SchemaObjectId {
  path: '67e2b80f662d1652c8b3c191',
  instance: 'ObjectId',
  validators: [],
  getters: [],
  setters: [],
  _presplitPath: [ '67e2b80f662d1652c8b3c191' ],
  options: SchemaObjectIdOptions {},
  _index: null,
  [Symbol(mongoose#schemaType)]: true
}" (type SchemaObjectId) at path "_id" for model "Product"
21:33:29 25-03-2025 [ERROR]: Product ID not found!
21:33:31 25-03-2025 [ERROR]: Product ID not found!
21:33:33 25-03-2025 [ERROR]: input must be a 24 character hex string, 12 byte Uint8Array, or an integer
21:33:53 25-03-2025 [ERROR]: input must be a 24 character hex string, 12 byte Uint8Array, or an integer
21:33:55 25-03-2025 [ERROR]: input must be a 24 character hex string, 12 byte Uint8Array, or an integer
21:34:12 25-03-2025 [ERROR]: input must be a 24 character hex string, 12 byte Uint8Array, or an integer
21:34:31 25-03-2025 [ERROR]: input must be a 24 character hex string, 12 byte Uint8Array, or an integer
21:34:34 25-03-2025 [ERROR]: input must be a 24 character hex string, 12 byte Uint8Array, or an integer
21:34:48 25-03-2025 [ERROR]: input must be a 24 character hex string, 12 byte Uint8Array, or an integer
21:35:56 25-03-2025 [ERROR]: input must be a 24 character hex string, 12 byte Uint8Array, or an integer
21:36:21 25-03-2025 [ERROR]: input must be a 24 character hex string, 12 byte Uint8Array, or an integer
21:36:51 25-03-2025 [ERROR]: input must be a 24 character hex string, 12 byte Uint8Array, or an integer
21:36:52 25-03-2025 [ERROR]: input must be a 24 character hex string, 12 byte Uint8Array, or an integer
21:36:55 25-03-2025 [ERROR]: input must be a 24 character hex string, 12 byte Uint8Array, or an integer
21:37:38 25-03-2025 [ERROR]: input must be a 24 character hex string, 12 byte Uint8Array, or an integer
21:38:30 25-03-2025 [ERROR]: input must be a 24 character hex string, 12 byte Uint8Array, or an integer
21:38:35 25-03-2025 [ERROR]: input must be a 24 character hex string, 12 byte Uint8Array, or an integer
21:38:39 25-03-2025 [ERROR]: input must be a 24 character hex string, 12 byte Uint8Array, or an integer
21:38:42 25-03-2025 [ERROR]: input must be a 24 character hex string, 12 byte Uint8Array, or an integer
21:38:53 25-03-2025 [ERROR]: input must be a 24 character hex string, 12 byte Uint8Array, or an integer
21:38:54 25-03-2025 [ERROR]: input must be a 24 character hex string, 12 byte Uint8Array, or an integer
21:39:16 25-03-2025 [ERROR]: input must be a 24 character hex string, 12 byte Uint8Array, or an integer
21:39:47 25-03-2025 [ERROR]: input must be a 24 character hex string, 12 byte Uint8Array, or an integer
21:39:55 25-03-2025 [ERROR]: input must be a 24 character hex string, 12 byte Uint8Array, or an integer
21:40:28 25-03-2025 [ERROR]: input must be a 24 character hex string, 12 byte Uint8Array, or an integer
21:40:38 25-03-2025 [ERROR]: input must be a 24 character hex string, 12 byte Uint8Array, or an integer
21:40:40 25-03-2025 [ERROR]: input must be a 24 character hex string, 12 byte Uint8Array, or an integer
21:41:40 25-03-2025 [ERROR]: Unauthorized
21:42:07 25-03-2025 [ERROR]: Cast to ObjectId failed for value "SchemaObjectId {
  path: '67dedb124328a60fa9634f611',
  instance: 'ObjectId',
  validators: [],
  getters: [],
  setters: [],
  _presplitPath: [ '67dedb124328a60fa9634f611' ],
  options: SchemaObjectIdOptions {},
  _index: null,
  [Symbol(mongoose#schemaType)]: true
}" (type SchemaObjectId) at path "user" for model "KeyToken"
21:42:18 25-03-2025 [ERROR]: input must be a 24 character hex string, 12 byte Uint8Array, or an integer
21:42:28 25-03-2025 [ERROR]: Cast to ObjectId failed for value "67dedb124328a60fa9634f611" (type string) at path "user" for model "KeyToken"
21:42:33 25-03-2025 [ERROR]: Cast to ObjectId failed for value "67dedb124328a60fa9634f611" (type string) at path "user" for model "KeyToken"
21:43:19 25-03-2025 [ERROR]: Unauthorized
21:43:46 25-03-2025 [ERROR]: Cast to ObjectId failed for value "67e2b80f662d1652c8b3c199123" (type string) at path "_id" for model "Product"
21:44:10 25-03-2025 [ERROR]: Product ID not found!
21:44:28 25-03-2025 [ERROR]: Product ID invalid!
